{"C:\\Users\\cefalo\\Desktop\\betterboxd\\src\\config\\Env.ts": {"path":"C:\\Users\\cefalo\\Desktop\\betterboxd\\src\\config\\Env.ts","statementMap":{"0":{"start":{"line":1,"column":0},"end":{"line":1,"column":24}},"1":{"start":{"line":2,"column":0},"end":{"line":2,"column":28}},"2":{"start":{"line":3,"column":0},"end":{"line":3,"column":34}},"3":{"start":{"line":5,"column":0},"end":{"line":5,"column":16}},"4":{"start":{"line":7,"column":18},"end":{"line":34,"column":2}},"5":{"start":{"line":27,"column":24},"end":{"line":27,"column":38}},"6":{"start":{"line":36,"column":13},"end":{"line":36,"column":48}},"7":{"start":{"line":37,"column":0},"end":{"line":37,"column":53}},"8":{"start":{"line":39,"column":13},"end":{"line":39,"column":52}},"9":{"start":{"line":40,"column":13},"end":{"line":40,"column":52}},"10":{"start":{"line":41,"column":13},"end":{"line":41,"column":46}}},"fnMap":{"0":{"name":"(anonymous_1)","decl":{"start":{"line":27,"column":15},"end":{"line":27,"column":16}},"loc":{"start":{"line":27,"column":24},"end":{"line":27,"column":38}}}},"branchMap":{},"s":{"0":0,"1":0,"2":0,"3":0,"4":0,"5":0,"6":0,"7":0,"8":0,"9":0,"10":0},"f":{"0":0},"b":{}}
,"C:\\Users\\cefalo\\Desktop\\betterboxd\\src\\config\\Logger.ts": {"path":"C:\\Users\\cefalo\\Desktop\\betterboxd\\src\\config\\Logger.ts","statementMap":{"0":{"start":{"line":1,"column":0},"end":{"line":1,"column":59}},"1":{"start":{"line":3,"column":49},"end":{"line":3,"column":55}},"2":{"start":{"line":5,"column":18},"end":{"line":8,"column":2}},"3":{"start":{"line":6,"column":19},"end":{"line":6,"column":32}},"4":{"start":{"line":7,"column":2},"end":{"line":7,"column":68}},"5":{"start":{"line":10,"column":13},"end":{"line":25,"column":3}},"6":{"start":{"line":27,"column":27},"end":{"line":43,"column":1}},"7":{"start":{"line":28,"column":24},"end":{"line":28,"column":47}},"8":{"start":{"line":29,"column":2},"end":{"line":29,"column":48}},"9":{"start":{"line":29,"column":42},"end":{"line":29,"column":47}},"10":{"start":{"line":30,"column":14},"end":{"line":30,"column":25}},"11":{"start":{"line":31,"column":16},"end":{"line":31,"column":57}},"12":{"start":{"line":32,"column":2},"end":{"line":32,"column":42}},"13":{"start":{"line":33,"column":2},"end":{"line":33,"column":24}},"14":{"start":{"line":33,"column":14},"end":{"line":33,"column":24}},"15":{"start":{"line":36,"column":17},"end":{"line":36,"column":25}},"16":{"start":{"line":37,"column":2},"end":{"line":37,"column":25}},"17":{"start":{"line":37,"column":15},"end":{"line":37,"column":25}},"18":{"start":{"line":39,"column":15},"end":{"line":39,"column":53}},"19":{"start":{"line":40,"column":15},"end":{"line":40,"column":37}},"20":{"start":{"line":41,"column":17},"end":{"line":41,"column":41}},"21":{"start":{"line":42,"column":2},"end":{"line":42,"column":37}},"22":{"start":{"line":27,"column":13},"end":{"line":27,"column":27}}},"fnMap":{"0":{"name":"(anonymous_0)","decl":{"start":{"line":5,"column":25},"end":{"line":5,"column":26}},"loc":{"start":{"line":5,"column":66},"end":{"line":8,"column":1}}},"1":{"name":"(anonymous_1)","decl":{"start":{"line":27,"column":27},"end":{"line":27,"column":38}},"loc":{"start":{"line":27,"column":40},"end":{"line":43,"column":1}}},"2":{"name":"(anonymous_2)","decl":{"start":{"line":29,"column":28},"end":{"line":29,"column":29}},"loc":{"start":{"line":29,"column":42},"end":{"line":29,"column":47}}}},"branchMap":{"0":{"loc":{"start":{"line":7,"column":49},"end":{"line":7,"column":65}},"type":"binary-expr","locations":[{"start":{"line":7,"column":49},"end":{"line":7,"column":54}},{"start":{"line":7,"column":58},"end":{"line":7,"column":65}}]},"1":{"loc":{"start":{"line":33,"column":2},"end":{"line":33,"column":24}},"type":"if","locations":[{"start":{"line":33,"column":2},"end":{"line":33,"column":24}},{"start":{},"end":{}}]},"2":{"loc":{"start":{"line":37,"column":2},"end":{"line":37,"column":25}},"type":"if","locations":[{"start":{"line":37,"column":2},"end":{"line":37,"column":25}},{"start":{},"end":{}}]}},"s":{"0":2,"1":2,"2":2,"3":10,"4":10,"5":2,"6":2,"7":10,"8":10,"9":10,"10":10,"11":10,"12":10,"13":10,"14":0,"15":10,"16":10,"17":0,"18":10,"19":10,"20":10,"21":10,"22":2},"f":{"0":10,"1":10,"2":10},"b":{"0":[10,10],"1":[0,10],"2":[0,10]}}
,"C:\\Users\\cefalo\\Desktop\\betterboxd\\src\\constants\\HTTPConstants.ts": {"path":"C:\\Users\\cefalo\\Desktop\\betterboxd\\src\\constants\\HTTPConstants.ts","statementMap":{"0":{"start":{"line":1,"column":13},"end":{"line":46,"column":11}}},"fnMap":{},"branchMap":{},"s":{"0":1},"f":{},"b":{}}
,"C:\\Users\\cefalo\\Desktop\\betterboxd\\src\\constants\\PaginationConstants.ts": {"path":"C:\\Users\\cefalo\\Desktop\\betterboxd\\src\\constants\\PaginationConstants.ts","statementMap":{"0":{"start":{"line":1,"column":13},"end":{"line":1,"column":30}},"1":{"start":{"line":2,"column":13},"end":{"line":2,"column":40}},"2":{"start":{"line":3,"column":13},"end":{"line":3,"column":31}},"3":{"start":{"line":4,"column":13},"end":{"line":4,"column":32}},"4":{"start":{"line":5,"column":13},"end":{"line":5,"column":34}}},"fnMap":{},"branchMap":{},"s":{"0":1,"1":1,"2":1,"3":1,"4":1},"f":{},"b":{}}
,"C:\\Users\\cefalo\\Desktop\\betterboxd\\src\\constants\\SearchConstants.ts": {"path":"C:\\Users\\cefalo\\Desktop\\betterboxd\\src\\constants\\SearchConstants.ts","statementMap":{"0":{"start":{"line":1,"column":13},"end":{"line":4,"column":2}},"1":{"start":{"line":6,"column":13},"end":{"line":9,"column":2}}},"fnMap":{},"branchMap":{},"s":{"0":1,"1":1},"f":{},"b":{}}
,"C:\\Users\\cefalo\\Desktop\\betterboxd\\src\\constants\\TimeConstants.ts": {"path":"C:\\Users\\cefalo\\Desktop\\betterboxd\\src\\constants\\TimeConstants.ts","statementMap":{"0":{"start":{"line":1,"column":13},"end":{"line":1,"column":57}}},"fnMap":{},"branchMap":{},"s":{"0":0},"f":{},"b":{}}
,"C:\\Users\\cefalo\\Desktop\\betterboxd\\src\\constants\\UserConstants.ts": {"path":"C:\\Users\\cefalo\\Desktop\\betterboxd\\src\\constants\\UserConstants.ts","statementMap":{"0":{"start":{"line":1,"column":13},"end":{"line":1,"column":84}}},"fnMap":{},"branchMap":{},"s":{"0":0},"f":{},"b":{}}
,"C:\\Users\\cefalo\\Desktop\\betterboxd\\src\\controllers\\AuthController.ts": {"path":"C:\\Users\\cefalo\\Desktop\\betterboxd\\src\\controllers\\AuthController.ts","statementMap":{"0":{"start":{"line":3,"column":0},"end":{"line":3,"column":54}},"1":{"start":{"line":4,"column":0},"end":{"line":4,"column":51}},"2":{"start":{"line":5,"column":0},"end":{"line":5,"column":63}},"3":{"start":{"line":6,"column":0},"end":{"line":6,"column":38}},"4":{"start":{"line":10,"column":7},"end":{"line":57,"column":null}},"5":{"start":{"line":11,"column":22},"end":{"line":11,"column":35}},"6":{"start":{"line":13,"column":4},"end":{"line":22,"column":5}},"7":{"start":{"line":14,"column":23},"end":{"line":14,"column":59}},"8":{"start":{"line":15,"column":22},"end":{"line":15,"column":65}},"9":{"start":{"line":16,"column":6},"end":{"line":19,"column":9}},"10":{"start":{"line":21,"column":6},"end":{"line":21,"column":18}},"11":{"start":{"line":25,"column":4},"end":{"line":38,"column":5}},"12":{"start":{"line":26,"column":41},"end":{"line":26,"column":49}},"13":{"start":{"line":27,"column":30},"end":{"line":27,"column":71}},"14":{"start":{"line":28,"column":6},"end":{"line":35,"column":8}},"15":{"start":{"line":37,"column":6},"end":{"line":37,"column":18}},"16":{"start":{"line":41,"column":4},"end":{"line":55,"column":5}},"17":{"start":{"line":42,"column":24},"end":{"line":42,"column":34}},"18":{"start":{"line":44,"column":6},"end":{"line":44,"column":49}},"19":{"start":{"line":45,"column":6},"end":{"line":52,"column":8}},"20":{"start":{"line":54,"column":6},"end":{"line":54,"column":18}},"21":{"start":{"line":10,"column":13},"end":{"line":10,"column":27}},"22":{"start":{"line":10,"column":13},"end":{"line":57,"column":null}}},"fnMap":{"0":{"name":"(anonymous_2)","decl":{"start":{"line":11,"column":2},"end":{"line":11,"column":22}},"loc":{"start":{"line":11,"column":46},"end":{"line":11,"column":50}}},"1":{"name":"(anonymous_3)","decl":{"start":{"line":12,"column":2},"end":{"line":12,"column":7}},"loc":{"start":{"line":12,"column":66},"end":{"line":23,"column":3}}},"2":{"name":"(anonymous_4)","decl":{"start":{"line":24,"column":2},"end":{"line":24,"column":7}},"loc":{"start":{"line":24,"column":65},"end":{"line":39,"column":3}}},"3":{"name":"(anonymous_5)","decl":{"start":{"line":40,"column":2},"end":{"line":40,"column":7}},"loc":{"start":{"line":40,"column":67},"end":{"line":56,"column":3}}}},"branchMap":{},"s":{"0":0,"1":0,"2":0,"3":0,"4":0,"5":0,"6":0,"7":0,"8":0,"9":0,"10":0,"11":0,"12":0,"13":0,"14":0,"15":0,"16":0,"17":0,"18":0,"19":0,"20":0,"21":0,"22":0},"f":{"0":0,"1":0,"2":0,"3":0},"b":{}}
,"C:\\Users\\cefalo\\Desktop\\betterboxd\\src\\controllers\\CategoryController.ts": {"path":"C:\\Users\\cefalo\\Desktop\\betterboxd\\src\\controllers\\CategoryController.ts","statementMap":{"0":{"start":{"line":2,"column":0},"end":{"line":2,"column":42}},"1":{"start":{"line":3,"column":0},"end":{"line":3,"column":51}},"2":{"start":{"line":4,"column":0},"end":{"line":4,"column":62}},"3":{"start":{"line":6,"column":0},"end":{"line":6,"column":42}},"4":{"start":{"line":9,"column":7},"end":{"line":35,"column":null}},"5":{"start":{"line":10,"column":22},"end":{"line":10,"column":39}},"6":{"start":{"line":12,"column":2},"end":{"line":16,"column":4}},"7":{"start":{"line":13,"column":24},"end":{"line":13,"column":34}},"8":{"start":{"line":14,"column":23},"end":{"line":14,"column":82}},"9":{"start":{"line":15,"column":4},"end":{"line":15,"column":80}},"10":{"start":{"line":18,"column":2},"end":{"line":25,"column":4}},"11":{"start":{"line":19,"column":24},"end":{"line":19,"column":34}},"12":{"start":{"line":20,"column":4},"end":{"line":20,"column":62}},"13":{"start":{"line":21,"column":25},"end":{"line":21,"column":33}},"14":{"start":{"line":22,"column":27},"end":{"line":22,"column":43}},"15":{"start":{"line":23,"column":4},"end":{"line":23,"column":77}},"16":{"start":{"line":24,"column":4},"end":{"line":24,"column":69}},"17":{"start":{"line":27,"column":2},"end":{"line":34,"column":4}},"18":{"start":{"line":28,"column":24},"end":{"line":28,"column":34}},"19":{"start":{"line":29,"column":25},"end":{"line":29,"column":33}},"20":{"start":{"line":30,"column":27},"end":{"line":30,"column":43}},"21":{"start":{"line":32,"column":4},"end":{"line":32,"column":82}},"22":{"start":{"line":33,"column":4},"end":{"line":33,"column":71}},"23":{"start":{"line":9,"column":13},"end":{"line":9,"column":31}},"24":{"start":{"line":9,"column":13},"end":{"line":35,"column":null}}},"fnMap":{"0":{"name":"(anonymous_2)","decl":{"start":{"line":10,"column":2},"end":{"line":10,"column":22}},"loc":{"start":{"line":10,"column":54},"end":{"line":10,"column":58}}},"1":{"name":"(anonymous_3)","decl":{"start":{"line":12,"column":9},"end":{"line":12,"column":14}},"loc":{"start":{"line":12,"column":47},"end":{"line":16,"column":3}}},"2":{"name":"(anonymous_4)","decl":{"start":{"line":18,"column":23},"end":{"line":18,"column":28}},"loc":{"start":{"line":18,"column":65},"end":{"line":25,"column":3}}},"3":{"name":"(anonymous_5)","decl":{"start":{"line":27,"column":14},"end":{"line":27,"column":19}},"loc":{"start":{"line":27,"column":56},"end":{"line":34,"column":3}}}},"branchMap":{},"s":{"0":0,"1":0,"2":0,"3":0,"4":0,"5":0,"6":0,"7":0,"8":0,"9":0,"10":0,"11":0,"12":0,"13":0,"14":0,"15":0,"16":0,"17":0,"18":0,"19":0,"20":0,"21":0,"22":0,"23":0,"24":0},"f":{"0":0,"1":0,"2":0,"3":0},"b":{}}
,"C:\\Users\\cefalo\\Desktop\\betterboxd\\src\\controllers\\StoryController.ts": {"path":"C:\\Users\\cefalo\\Desktop\\betterboxd\\src\\controllers\\StoryController.ts","statementMap":{"0":{"start":{"line":3,"column":0},"end":{"line":3,"column":56}},"1":{"start":{"line":5,"column":0},"end":{"line":5,"column":20}},"2":{"start":{"line":8,"column":0},"end":{"line":8,"column":63}},"3":{"start":{"line":9,"column":0},"end":{"line":9,"column":51}},"4":{"start":{"line":10,"column":0},"end":{"line":10,"column":38}},"5":{"start":{"line":13,"column":7},"end":{"line":82,"column":null}},"6":{"start":{"line":14,"column":22},"end":{"line":14,"column":36}},"7":{"start":{"line":16,"column":4},"end":{"line":25,"column":5}},"8":{"start":{"line":17,"column":26},"end":{"line":17,"column":64}},"9":{"start":{"line":18,"column":22},"end":{"line":18,"column":72}},"10":{"start":{"line":19,"column":6},"end":{"line":22,"column":9}},"11":{"start":{"line":24,"column":6},"end":{"line":24,"column":18}},"12":{"start":{"line":29,"column":4},"end":{"line":39,"column":5}},"13":{"start":{"line":30,"column":22},"end":{"line":30,"column":35}},"14":{"start":{"line":31,"column":6},"end":{"line":31,"column":30}},"15":{"start":{"line":32,"column":20},"end":{"line":32,"column":65}},"16":{"start":{"line":33,"column":6},"end":{"line":36,"column":9}},"17":{"start":{"line":38,"column":6},"end":{"line":38,"column":18}},"18":{"start":{"line":43,"column":4},"end":{"line":52,"column":5}},"19":{"start":{"line":44,"column":29},"end":{"line":44,"column":45}},"20":{"start":{"line":45,"column":20},"end":{"line":45,"column":73}},"21":{"start":{"line":46,"column":6},"end":{"line":49,"column":9}},"22":{"start":{"line":51,"column":6},"end":{"line":51,"column":18}},"23":{"start":{"line":56,"column":4},"end":{"line":67,"column":5}},"24":{"start":{"line":57,"column":22},"end":{"line":57,"column":35}},"25":{"start":{"line":58,"column":6},"end":{"line":58,"column":30}},"26":{"start":{"line":59,"column":40},"end":{"line":59,"column":48}},"27":{"start":{"line":60,"column":27},"end":{"line":60,"column":82}},"28":{"start":{"line":61,"column":6},"end":{"line":64,"column":9}},"29":{"start":{"line":66,"column":6},"end":{"line":66,"column":18}},"30":{"start":{"line":70,"column":4},"end":{"line":80,"column":5}},"31":{"start":{"line":71,"column":22},"end":{"line":71,"column":35}},"32":{"start":{"line":72,"column":6},"end":{"line":72,"column":30}},"33":{"start":{"line":73,"column":6},"end":{"line":73,"column":51}},"34":{"start":{"line":74,"column":6},"end":{"line":77,"column":9}},"35":{"start":{"line":79,"column":6},"end":{"line":79,"column":18}},"36":{"start":{"line":13,"column":13},"end":{"line":13,"column":28}},"37":{"start":{"line":13,"column":13},"end":{"line":82,"column":null}}},"fnMap":{"0":{"name":"(anonymous_3)","decl":{"start":{"line":14,"column":2},"end":{"line":14,"column":22}},"loc":{"start":{"line":14,"column":48},"end":{"line":14,"column":52}}},"1":{"name":"(anonymous_4)","decl":{"start":{"line":15,"column":2},"end":{"line":15,"column":7}},"loc":{"start":{"line":15,"column":69},"end":{"line":26,"column":3}}},"2":{"name":"(anonymous_5)","decl":{"start":{"line":28,"column":2},"end":{"line":28,"column":7}},"loc":{"start":{"line":28,"column":68},"end":{"line":40,"column":3}}},"3":{"name":"(anonymous_6)","decl":{"start":{"line":42,"column":2},"end":{"line":42,"column":7}},"loc":{"start":{"line":42,"column":71},"end":{"line":53,"column":3}}},"4":{"name":"(anonymous_7)","decl":{"start":{"line":55,"column":2},"end":{"line":55,"column":7}},"loc":{"start":{"line":55,"column":67},"end":{"line":68,"column":3}}},"5":{"name":"(anonymous_8)","decl":{"start":{"line":69,"column":2},"end":{"line":69,"column":7}},"loc":{"start":{"line":69,"column":67},"end":{"line":81,"column":3}}}},"branchMap":{},"s":{"0":0,"1":0,"2":0,"3":0,"4":0,"5":0,"6":0,"7":0,"8":0,"9":0,"10":0,"11":0,"12":0,"13":0,"14":0,"15":0,"16":0,"17":0,"18":0,"19":0,"20":0,"21":0,"22":0,"23":0,"24":0,"25":0,"26":0,"27":0,"28":0,"29":0,"30":0,"31":0,"32":0,"33":0,"34":0,"35":0,"36":0,"37":0},"f":{"0":0,"1":0,"2":0,"3":0,"4":0,"5":0},"b":{}}
,"C:\\Users\\cefalo\\Desktop\\betterboxd\\src\\controllers\\UserController.ts": {"path":"C:\\Users\\cefalo\\Desktop\\betterboxd\\src\\controllers\\UserController.ts","statementMap":{"0":{"start":{"line":2,"column":0},"end":{"line":2,"column":54}},"1":{"start":{"line":4,"column":0},"end":{"line":4,"column":24}},"2":{"start":{"line":6,"column":0},"end":{"line":6,"column":51}},"3":{"start":{"line":7,"column":0},"end":{"line":7,"column":63}},"4":{"start":{"line":8,"column":0},"end":{"line":8,"column":38}},"5":{"start":{"line":10,"column":0},"end":{"line":10,"column":54}},"6":{"start":{"line":14,"column":7},"end":{"line":143,"column":null}},"7":{"start":{"line":16,"column":12},"end":{"line":16,"column":25}},"8":{"start":{"line":17,"column":12},"end":{"line":17,"column":25}},"9":{"start":{"line":98,"column":2},"end":{"line":105,"column":4}},"10":{"start":{"line":99,"column":19},"end":{"line":99,"column":35}},"11":{"start":{"line":100,"column":45},"end":{"line":100,"column":53}},"12":{"start":{"line":102,"column":4},"end":{"line":102,"column":87}},"13":{"start":{"line":104,"column":4},"end":{"line":104,"column":78}},"14":{"start":{"line":107,"column":2},"end":{"line":113,"column":4}},"15":{"start":{"line":108,"column":22},"end":{"line":108,"column":30}},"16":{"start":{"line":110,"column":4},"end":{"line":110,"column":56}},"17":{"start":{"line":112,"column":4},"end":{"line":112,"column":76}},"18":{"start":{"line":20,"column":4},"end":{"line":29,"column":5}},"19":{"start":{"line":21,"column":26},"end":{"line":21,"column":63}},"20":{"start":{"line":22,"column":20},"end":{"line":22,"column":67}},"21":{"start":{"line":23,"column":6},"end":{"line":26,"column":9}},"22":{"start":{"line":28,"column":6},"end":{"line":28,"column":18}},"23":{"start":{"line":33,"column":4},"end":{"line":43,"column":5}},"24":{"start":{"line":34,"column":29},"end":{"line":34,"column":42}},"25":{"start":{"line":35,"column":6},"end":{"line":35,"column":29}},"26":{"start":{"line":36,"column":19},"end":{"line":36,"column":61}},"27":{"start":{"line":37,"column":6},"end":{"line":40,"column":9}},"28":{"start":{"line":42,"column":6},"end":{"line":42,"column":18}},"29":{"start":{"line":47,"column":4},"end":{"line":58,"column":5}},"30":{"start":{"line":48,"column":29},"end":{"line":48,"column":42}},"31":{"start":{"line":49,"column":6},"end":{"line":49,"column":29}},"32":{"start":{"line":50,"column":38},"end":{"line":50,"column":46}},"33":{"start":{"line":51,"column":26},"end":{"line":51,"column":77}},"34":{"start":{"line":52,"column":6},"end":{"line":55,"column":9}},"35":{"start":{"line":57,"column":6},"end":{"line":57,"column":18}},"36":{"start":{"line":62,"column":4},"end":{"line":72,"column":5}},"37":{"start":{"line":63,"column":29},"end":{"line":63,"column":42}},"38":{"start":{"line":64,"column":6},"end":{"line":64,"column":29}},"39":{"start":{"line":65,"column":6},"end":{"line":65,"column":52}},"40":{"start":{"line":66,"column":6},"end":{"line":69,"column":9}},"41":{"start":{"line":71,"column":6},"end":{"line":71,"column":18}},"42":{"start":{"line":76,"column":4},"end":{"line":95,"column":5}},"43":{"start":{"line":77,"column":21},"end":{"line":77,"column":34}},"44":{"start":{"line":78,"column":6},"end":{"line":78,"column":29}},"45":{"start":{"line":80,"column":23},"end":{"line":80,"column":31}},"46":{"start":{"line":81,"column":6},"end":{"line":86,"column":7}},"47":{"start":{"line":82,"column":8},"end":{"line":85,"column":11}},"48":{"start":{"line":88,"column":26},"end":{"line":88,"column":77}},"49":{"start":{"line":89,"column":6},"end":{"line":92,"column":9}},"50":{"start":{"line":94,"column":6},"end":{"line":94,"column":18}},"51":{"start":{"line":116,"column":4},"end":{"line":126,"column":5}},"52":{"start":{"line":117,"column":29},"end":{"line":117,"column":45}},"53":{"start":{"line":118,"column":6},"end":{"line":118,"column":29}},"54":{"start":{"line":119,"column":19},"end":{"line":119,"column":61}},"55":{"start":{"line":120,"column":6},"end":{"line":123,"column":9}},"56":{"start":{"line":125,"column":6},"end":{"line":125,"column":18}},"57":{"start":{"line":130,"column":4},"end":{"line":141,"column":5}},"58":{"start":{"line":131,"column":29},"end":{"line":131,"column":45}},"59":{"start":{"line":132,"column":6},"end":{"line":132,"column":29}},"60":{"start":{"line":133,"column":38},"end":{"line":133,"column":46}},"61":{"start":{"line":134,"column":26},"end":{"line":134,"column":77}},"62":{"start":{"line":135,"column":6},"end":{"line":138,"column":9}},"63":{"start":{"line":140,"column":6},"end":{"line":140,"column":18}},"64":{"start":{"line":14,"column":13},"end":{"line":14,"column":27}},"65":{"start":{"line":14,"column":13},"end":{"line":143,"column":null}}},"fnMap":{"0":{"name":"(anonymous_2)","decl":{"start":{"line":15,"column":2},"end":{"line":15,"column":null}},"loc":{"start":{"line":17,"column":36},"end":{"line":18,"column":6}}},"1":{"name":"(anonymous_3)","decl":{"start":{"line":98,"column":26},"end":{"line":98,"column":31}},"loc":{"start":{"line":98,"column":68},"end":{"line":105,"column":3}}},"2":{"name":"(anonymous_4)","decl":{"start":{"line":107,"column":26},"end":{"line":107,"column":31}},"loc":{"start":{"line":107,"column":64},"end":{"line":113,"column":3}}},"3":{"name":"(anonymous_5)","decl":{"start":{"line":19,"column":2},"end":{"line":19,"column":7}},"loc":{"start":{"line":19,"column":67},"end":{"line":30,"column":3}}},"4":{"name":"(anonymous_6)","decl":{"start":{"line":32,"column":2},"end":{"line":32,"column":7}},"loc":{"start":{"line":32,"column":67},"end":{"line":44,"column":3}}},"5":{"name":"(anonymous_7)","decl":{"start":{"line":46,"column":2},"end":{"line":46,"column":7}},"loc":{"start":{"line":46,"column":66},"end":{"line":59,"column":3}}},"6":{"name":"(anonymous_8)","decl":{"start":{"line":61,"column":2},"end":{"line":61,"column":7}},"loc":{"start":{"line":61,"column":70},"end":{"line":73,"column":3}}},"7":{"name":"(anonymous_9)","decl":{"start":{"line":75,"column":2},"end":{"line":75,"column":7}},"loc":{"start":{"line":75,"column":66},"end":{"line":96,"column":3}}},"8":{"name":"(anonymous_10)","decl":{"start":{"line":115,"column":2},"end":{"line":115,"column":7}},"loc":{"start":{"line":115,"column":70},"end":{"line":127,"column":3}}},"9":{"name":"(anonymous_11)","decl":{"start":{"line":129,"column":2},"end":{"line":129,"column":7}},"loc":{"start":{"line":129,"column":73},"end":{"line":142,"column":3}}}},"branchMap":{"0":{"loc":{"start":{"line":81,"column":6},"end":{"line":86,"column":7}},"type":"if","locations":[{"start":{"line":81,"column":6},"end":{"line":86,"column":7}},{"start":{},"end":{}}]}},"s":{"0":0,"1":0,"2":0,"3":0,"4":0,"5":0,"6":0,"7":0,"8":0,"9":0,"10":0,"11":0,"12":0,"13":0,"14":0,"15":0,"16":0,"17":0,"18":0,"19":0,"20":0,"21":0,"22":0,"23":0,"24":0,"25":0,"26":0,"27":0,"28":0,"29":0,"30":0,"31":0,"32":0,"33":0,"34":0,"35":0,"36":0,"37":0,"38":0,"39":0,"40":0,"41":0,"42":0,"43":0,"44":0,"45":0,"46":0,"47":0,"48":0,"49":0,"50":0,"51":0,"52":0,"53":0,"54":0,"55":0,"56":0,"57":0,"58":0,"59":0,"60":0,"61":0,"62":0,"63":0,"64":0,"65":0},"f":{"0":0,"1":0,"2":0,"3":0,"4":0,"5":0,"6":0,"7":0,"8":0,"9":0},"b":{"0":[0,0]}}
,"C:\\Users\\cefalo\\Desktop\\betterboxd\\src\\docs\\Swagger.ts": {"path":"C:\\Users\\cefalo\\Desktop\\betterboxd\\src\\docs\\Swagger.ts","statementMap":{"0":{"start":{"line":2,"column":0},"end":{"line":2,"column":45}},"1":{"start":{"line":4,"column":12},"end":{"line":79,"column":2}},"2":{"start":{"line":81,"column":19},"end":{"line":81,"column":51}},"3":{"start":{"line":83,"column":23},"end":{"line":83,"column":41}},"4":{"start":{"line":85,"column":0},"end":{"line":85,"column":50}}},"fnMap":{},"branchMap":{},"s":{"0":0,"1":0,"2":0,"3":0,"4":0},"f":{},"b":{}}
,"C:\\Users\\cefalo\\Desktop\\betterboxd\\src\\dtos\\StoryDTOs.ts": {"path":"C:\\Users\\cefalo\\Desktop\\betterboxd\\src\\dtos\\StoryDTOs.ts","statementMap":{"0":{"start":{"line":1,"column":0},"end":{"line":1,"column":54}},"1":{"start":{"line":15,"column":0},"end":{"line":15,"column":13}},"2":{"start":{"line":17,"column":2},"end":{"line":17,"column":null}},"3":{"start":{"line":19,"column":2},"end":{"line":19,"column":null}},"4":{"start":{"line":21,"column":2},"end":{"line":21,"column":null}},"5":{"start":{"line":23,"column":2},"end":{"line":23,"column":null}},"6":{"start":{"line":25,"column":2},"end":{"line":25,"column":null}},"7":{"start":{"line":28,"column":2},"end":{"line":28,"column":null}},"8":{"start":{"line":27,"column":42},"end":{"line":27,"column":76}},"9":{"start":{"line":33,"column":2},"end":{"line":33,"column":null}},"10":{"start":{"line":31,"column":33},"end":{"line":31,"column":99}},"11":{"start":{"line":31,"column":79},"end":{"line":31,"column":92}},"12":{"start":{"line":35,"column":2},"end":{"line":35,"column":null}}},"fnMap":{"0":{"name":"(anonymous_2)","decl":{"start":{"line":27,"column":13},"end":{"line":27,"column":14}},"loc":{"start":{"line":27,"column":42},"end":{"line":27,"column":76}}},"1":{"name":"(anonymous_3)","decl":{"start":{"line":31,"column":4},"end":{"line":31,"column":5}},"loc":{"start":{"line":31,"column":33},"end":{"line":31,"column":99}}},"2":{"name":"(anonymous_4)","decl":{"start":{"line":31,"column":65},"end":{"line":31,"column":66}},"loc":{"start":{"line":31,"column":79},"end":{"line":31,"column":92}}}},"branchMap":{"0":{"loc":{"start":{"line":27,"column":42},"end":{"line":27,"column":76}},"type":"binary-expr","locations":[{"start":{"line":27,"column":42},"end":{"line":27,"column":68}},{"start":{"line":27,"column":72},"end":{"line":27,"column":76}}]},"1":{"loc":{"start":{"line":31,"column":33},"end":{"line":31,"column":99}},"type":"binary-expr","locations":[{"start":{"line":31,"column":33},"end":{"line":31,"column":93}},{"start":{"line":31,"column":97},"end":{"line":31,"column":99}}]}},"s":{"0":1,"1":1,"2":1,"3":1,"4":1,"5":1,"6":1,"7":1,"8":0,"9":1,"10":0,"11":0,"12":1},"f":{"0":0,"1":0,"2":0},"b":{"0":[0,0],"1":[0,0]}}
,"C:\\Users\\cefalo\\Desktop\\betterboxd\\src\\entities\\Auth.ts": {"path":"C:\\Users\\cefalo\\Desktop\\betterboxd\\src\\entities\\Auth.ts","statementMap":{"0":{"start":{"line":1,"column":0},"end":{"line":1,"column":87}},"1":{"start":{"line":2,"column":0},"end":{"line":2,"column":30}},"2":{"start":{"line":5,"column":7},"end":{"line":36,"column":null}},"3":{"start":{"line":5,"column":13},"end":{"line":5,"column":17}},"4":{"start":{"line":7,"column":2},"end":{"line":7,"column":null}},"5":{"start":{"line":10,"column":2},"end":{"line":10,"column":null}},"6":{"start":{"line":13,"column":2},"end":{"line":13,"column":null}},"7":{"start":{"line":16,"column":2},"end":{"line":16,"column":null}},"8":{"start":{"line":19,"column":2},"end":{"line":19,"column":null}},"9":{"start":{"line":23,"column":2},"end":{"line":23,"column":null}},"10":{"start":{"line":21,"column":18},"end":{"line":21,"column":22}},"11":{"start":{"line":26,"column":2},"end":{"line":26,"column":null}},"12":{"start":{"line":29,"column":2},"end":{"line":29,"column":null}},"13":{"start":{"line":32,"column":2},"end":{"line":32,"column":null}},"14":{"start":{"line":35,"column":2},"end":{"line":35,"column":null}},"15":{"start":{"line":5,"column":13},"end":{"line":36,"column":null}}},"fnMap":{"0":{"name":"(anonymous_2)","decl":{"start":{"line":21,"column":12},"end":{"line":21,"column":15}},"loc":{"start":{"line":21,"column":18},"end":{"line":21,"column":22}}}},"branchMap":{},"s":{"0":0,"1":0,"2":0,"3":0,"4":0,"5":0,"6":0,"7":0,"8":0,"9":0,"10":0,"11":0,"12":0,"13":0,"14":0,"15":0},"f":{"0":0},"b":{}}
,"C:\\Users\\cefalo\\Desktop\\betterboxd\\src\\entities\\Category.ts": {"path":"C:\\Users\\cefalo\\Desktop\\betterboxd\\src\\entities\\Category.ts","statementMap":{"0":{"start":{"line":2,"column":0},"end":{"line":2,"column":77}},"1":{"start":{"line":3,"column":0},"end":{"line":3,"column":32}},"2":{"start":{"line":6,"column":7},"end":{"line":15,"column":null}},"3":{"start":{"line":6,"column":13},"end":{"line":6,"column":21}},"4":{"start":{"line":8,"column":2},"end":{"line":8,"column":null}},"5":{"start":{"line":11,"column":2},"end":{"line":11,"column":null}},"6":{"start":{"line":14,"column":2},"end":{"line":14,"column":null}},"7":{"start":{"line":13,"column":20},"end":{"line":13,"column":25}},"8":{"start":{"line":13,"column":38},"end":{"line":13,"column":66}},"9":{"start":{"line":6,"column":13},"end":{"line":15,"column":null}}},"fnMap":{"0":{"name":"(anonymous_2)","decl":{"start":{"line":13,"column":14},"end":{"line":13,"column":17}},"loc":{"start":{"line":13,"column":20},"end":{"line":13,"column":25}}},"1":{"name":"(anonymous_3)","decl":{"start":{"line":13,"column":27},"end":{"line":13,"column":28}},"loc":{"start":{"line":13,"column":38},"end":{"line":13,"column":66}}}},"branchMap":{},"s":{"0":3,"1":3,"2":3,"3":3,"4":3,"5":3,"6":3,"7":0,"8":0,"9":3},"f":{"0":0,"1":0},"b":{}}
,"C:\\Users\\cefalo\\Desktop\\betterboxd\\src\\entities\\Story.ts": {"path":"C:\\Users\\cefalo\\Desktop\\betterboxd\\src\\entities\\Story.ts","statementMap":{"0":{"start":{"line":1,"column":0},"end":{"line":1,"column":null}},"1":{"start":{"line":11,"column":0},"end":{"line":11,"column":30}},"2":{"start":{"line":12,"column":0},"end":{"line":12,"column":52}},"3":{"start":{"line":13,"column":0},"end":{"line":13,"column":38}},"4":{"start":{"line":16,"column":7},"end":{"line":57,"column":null}},"5":{"start":{"line":16,"column":13},"end":{"line":16,"column":18}},"6":{"start":{"line":19,"column":2},"end":{"line":19,"column":null}},"7":{"start":{"line":23,"column":2},"end":{"line":23,"column":null}},"8":{"start":{"line":28,"column":2},"end":{"line":28,"column":null}},"9":{"start":{"line":25,"column":19},"end":{"line":25,"column":23}},"10":{"start":{"line":32,"column":2},"end":{"line":32,"column":null}},"11":{"start":{"line":36,"column":2},"end":{"line":36,"column":null}},"12":{"start":{"line":40,"column":2},"end":{"line":40,"column":null}},"13":{"start":{"line":44,"column":2},"end":{"line":44,"column":null}},"14":{"start":{"line":42,"column":46},"end":{"line":42,"column":65}},"15":{"start":{"line":48,"column":2},"end":{"line":48,"column":null}},"16":{"start":{"line":46,"column":46},"end":{"line":46,"column":65}},"17":{"start":{"line":52,"column":2},"end":{"line":52,"column":null}},"18":{"start":{"line":56,"column":2},"end":{"line":56,"column":null}},"19":{"start":{"line":54,"column":20},"end":{"line":54,"column":28}},"20":{"start":{"line":54,"column":44},"end":{"line":54,"column":69}},"21":{"start":{"line":16,"column":13},"end":{"line":57,"column":null}}},"fnMap":{"0":{"name":"(anonymous_2)","decl":{"start":{"line":25,"column":13},"end":{"line":25,"column":16}},"loc":{"start":{"line":25,"column":19},"end":{"line":25,"column":23}}},"1":{"name":"(anonymous_3)","decl":{"start":{"line":42,"column":40},"end":{"line":42,"column":43}},"loc":{"start":{"line":42,"column":46},"end":{"line":42,"column":65}}},"2":{"name":"(anonymous_4)","decl":{"start":{"line":46,"column":40},"end":{"line":46,"column":43}},"loc":{"start":{"line":46,"column":46},"end":{"line":46,"column":65}}},"3":{"name":"(anonymous_5)","decl":{"start":{"line":54,"column":14},"end":{"line":54,"column":17}},"loc":{"start":{"line":54,"column":20},"end":{"line":54,"column":28}}},"4":{"name":"(anonymous_6)","decl":{"start":{"line":54,"column":30},"end":{"line":54,"column":31}},"loc":{"start":{"line":54,"column":44},"end":{"line":54,"column":69}}}},"branchMap":{},"s":{"0":3,"1":3,"2":3,"3":3,"4":3,"5":3,"6":3,"7":3,"8":3,"9":0,"10":3,"11":3,"12":3,"13":3,"14":0,"15":3,"16":0,"17":3,"18":3,"19":0,"20":0,"21":3},"f":{"0":0,"1":0,"2":0,"3":0,"4":0},"b":{}}
,"C:\\Users\\cefalo\\Desktop\\betterboxd\\src\\entities\\User.ts": {"path":"C:\\Users\\cefalo\\Desktop\\betterboxd\\src\\entities\\User.ts","statementMap":{"0":{"start":{"line":1,"column":0},"end":{"line":1,"column":null}},"1":{"start":{"line":8,"column":0},"end":{"line":8,"column":52}},"2":{"start":{"line":10,"column":0},"end":{"line":10,"column":null}},"3":{"start":{"line":11,"column":2},"end":{"line":11,"column":null}},"4":{"start":{"line":12,"column":2},"end":{"line":12,"column":null}},"5":{"start":{"line":16,"column":7},"end":{"line":49,"column":null}},"6":{"start":{"line":16,"column":13},"end":{"line":16,"column":17}},"7":{"start":{"line":19,"column":2},"end":{"line":19,"column":null}},"8":{"start":{"line":22,"column":2},"end":{"line":22,"column":null}},"9":{"start":{"line":25,"column":2},"end":{"line":25,"column":null}},"10":{"start":{"line":28,"column":2},"end":{"line":28,"column":null}},"11":{"start":{"line":31,"column":2},"end":{"line":31,"column":null}},"12":{"start":{"line":34,"column":2},"end":{"line":34,"column":null}},"13":{"start":{"line":41,"column":2},"end":{"line":41,"column":null}},"14":{"start":{"line":44,"column":2},"end":{"line":44,"column":null}},"15":{"start":{"line":48,"column":2},"end":{"line":48,"column":null}},"16":{"start":{"line":16,"column":13},"end":{"line":49,"column":null}}},"fnMap":{"0":{"name":"(anonymous_2)","decl":{"start":{"line":10,"column":0},"end":{"line":10,"column":12}},"loc":{"start":{"line":10,"column":20},"end":{"line":13,"column":1}}}},"branchMap":{"0":{"loc":{"start":{"line":10,"column":12},"end":{"line":10,"column":null}},"type":"binary-expr","locations":[{"start":{"line":10,"column":12},"end":{"line":10,"column":20}},{"start":{"line":10,"column":20},"end":{"line":10,"column":null}}]}},"s":{"0":3,"1":3,"2":3,"3":3,"4":3,"5":3,"6":3,"7":3,"8":3,"9":3,"10":3,"11":3,"12":3,"13":3,"14":3,"15":3,"16":3},"f":{"0":3},"b":{"0":[3,3]}}
,"C:\\Users\\cefalo\\Desktop\\betterboxd\\src\\errors\\AppErrors.ts": {"path":"C:\\Users\\cefalo\\Desktop\\betterboxd\\src\\errors\\AppErrors.ts","statementMap":{"0":{"start":{"line":1,"column":0},"end":{"line":1,"column":63}},"1":{"start":{"line":7,"column":4},"end":{"line":7,"column":19}},"2":{"start":{"line":8,"column":4},"end":{"line":8,"column":33}},"3":{"start":{"line":3,"column":0},"end":{"line":3,"column":13}},"4":{"start":{"line":15,"column":4},"end":{"line":15,"column":57}},"5":{"start":{"line":16,"column":4},"end":{"line":16,"column":51}},"6":{"start":{"line":17,"column":4},"end":{"line":17,"column":27}},"7":{"start":{"line":12,"column":0},"end":{"line":12,"column":13}},"8":{"start":{"line":23,"column":4},"end":{"line":23,"column":55}},"9":{"start":{"line":24,"column":4},"end":{"line":24,"column":49}},"10":{"start":{"line":21,"column":0},"end":{"line":21,"column":13}},"11":{"start":{"line":30,"column":4},"end":{"line":30,"column":54}},"12":{"start":{"line":31,"column":4},"end":{"line":31,"column":48}},"13":{"start":{"line":28,"column":0},"end":{"line":28,"column":13}},"14":{"start":{"line":37,"column":4},"end":{"line":37,"column":58}},"15":{"start":{"line":38,"column":4},"end":{"line":38,"column":52}},"16":{"start":{"line":35,"column":0},"end":{"line":35,"column":13}},"17":{"start":{"line":44,"column":4},"end":{"line":44,"column":61}},"18":{"start":{"line":45,"column":4},"end":{"line":45,"column":55}},"19":{"start":{"line":42,"column":0},"end":{"line":42,"column":13}},"20":{"start":{"line":51,"column":4},"end":{"line":51,"column":67}},"21":{"start":{"line":52,"column":4},"end":{"line":52,"column":61}},"22":{"start":{"line":49,"column":0},"end":{"line":49,"column":13}},"23":{"start":{"line":58,"column":4},"end":{"line":58,"column":57}},"24":{"start":{"line":59,"column":4},"end":{"line":59,"column":51}},"25":{"start":{"line":56,"column":0},"end":{"line":56,"column":13}}},"fnMap":{"0":{"name":"(anonymous_0)","decl":{"start":{"line":6,"column":2},"end":{"line":6,"column":14}},"loc":{"start":{"line":6,"column":49},"end":{"line":9,"column":3}}},"1":{"name":"(anonymous_1)","decl":{"start":{"line":14,"column":2},"end":{"line":14,"column":14}},"loc":{"start":{"line":14,"column":49},"end":{"line":18,"column":3}}},"2":{"name":"(anonymous_2)","decl":{"start":{"line":22,"column":2},"end":{"line":22,"column":14}},"loc":{"start":{"line":22,"column":29},"end":{"line":25,"column":3}}},"3":{"name":"(anonymous_3)","decl":{"start":{"line":29,"column":2},"end":{"line":29,"column":14}},"loc":{"start":{"line":29,"column":29},"end":{"line":32,"column":3}}},"4":{"name":"(anonymous_4)","decl":{"start":{"line":36,"column":2},"end":{"line":36,"column":14}},"loc":{"start":{"line":36,"column":29},"end":{"line":39,"column":3}}},"5":{"name":"(anonymous_5)","decl":{"start":{"line":43,"column":2},"end":{"line":43,"column":14}},"loc":{"start":{"line":43,"column":29},"end":{"line":46,"column":3}}},"6":{"name":"(anonymous_6)","decl":{"start":{"line":50,"column":2},"end":{"line":50,"column":14}},"loc":{"start":{"line":50,"column":29},"end":{"line":53,"column":3}}},"7":{"name":"(anonymous_7)","decl":{"start":{"line":57,"column":2},"end":{"line":57,"column":14}},"loc":{"start":{"line":57,"column":29},"end":{"line":60,"column":3}}}},"branchMap":{},"s":{"0":1,"1":0,"2":0,"3":1,"4":0,"5":0,"6":0,"7":1,"8":0,"9":0,"10":1,"11":0,"12":0,"13":1,"14":0,"15":0,"16":1,"17":0,"18":0,"19":1,"20":0,"21":0,"22":1,"23":0,"24":0,"25":1},"f":{"0":0,"1":0,"2":0,"3":0,"4":0,"5":0,"6":0,"7":0},"b":{}}
,"C:\\Users\\cefalo\\Desktop\\betterboxd\\src\\errors\\ErrorFactory.ts": {"path":"C:\\Users\\cefalo\\Desktop\\betterboxd\\src\\errors\\ErrorFactory.ts","statementMap":{"0":{"start":{"line":1,"column":0},"end":{"line":1,"column":null}},"1":{"start":{"line":13,"column":4},"end":{"line":13,"column":49}},"2":{"start":{"line":17,"column":4},"end":{"line":17,"column":42}},"3":{"start":{"line":21,"column":4},"end":{"line":21,"column":45}},"4":{"start":{"line":25,"column":4},"end":{"line":25,"column":38}},"5":{"start":{"line":29,"column":4},"end":{"line":29,"column":38}},"6":{"start":{"line":33,"column":4},"end":{"line":33,"column":44}},"7":{"start":{"line":37,"column":4},"end":{"line":37,"column":40}},"8":{"start":{"line":11,"column":0},"end":{"line":11,"column":13}}},"fnMap":{"0":{"name":"(anonymous_0)","decl":{"start":{"line":12,"column":2},"end":{"line":12,"column":8}},"loc":{"start":{"line":12,"column":55},"end":{"line":14,"column":3}}},"1":{"name":"(anonymous_1)","decl":{"start":{"line":16,"column":2},"end":{"line":16,"column":8}},"loc":{"start":{"line":16,"column":37},"end":{"line":18,"column":3}}},"2":{"name":"(anonymous_2)","decl":{"start":{"line":20,"column":2},"end":{"line":20,"column":8}},"loc":{"start":{"line":20,"column":40},"end":{"line":22,"column":3}}},"3":{"name":"(anonymous_3)","decl":{"start":{"line":24,"column":2},"end":{"line":24,"column":8}},"loc":{"start":{"line":24,"column":33},"end":{"line":26,"column":3}}},"4":{"name":"(anonymous_4)","decl":{"start":{"line":28,"column":2},"end":{"line":28,"column":8}},"loc":{"start":{"line":28,"column":33},"end":{"line":30,"column":3}}},"5":{"name":"(anonymous_5)","decl":{"start":{"line":32,"column":2},"end":{"line":32,"column":8}},"loc":{"start":{"line":32,"column":33},"end":{"line":34,"column":3}}},"6":{"name":"(anonymous_6)","decl":{"start":{"line":36,"column":2},"end":{"line":36,"column":8}},"loc":{"start":{"line":36,"column":35},"end":{"line":38,"column":3}}}},"branchMap":{},"s":{"0":1,"1":0,"2":0,"3":0,"4":0,"5":0,"6":0,"7":0,"8":1},"f":{"0":0,"1":0,"2":0,"3":0,"4":0,"5":0,"6":0},"b":{}}
,"C:\\Users\\cefalo\\Desktop\\betterboxd\\src\\middlewares\\AuthenticationHandler.ts": {"path":"C:\\Users\\cefalo\\Desktop\\betterboxd\\src\\middlewares\\AuthenticationHandler.ts","statementMap":{"0":{"start":{"line":2,"column":0},"end":{"line":2,"column":54}},"1":{"start":{"line":4,"column":0},"end":{"line":4,"column":31}},"2":{"start":{"line":5,"column":0},"end":{"line":5,"column":36}},"3":{"start":{"line":6,"column":0},"end":{"line":6,"column":54}},"4":{"start":{"line":7,"column":0},"end":{"line":7,"column":38}},"5":{"start":{"line":8,"column":0},"end":{"line":8,"column":54}},"6":{"start":{"line":11,"column":7},"end":{"line":46,"column":null}},"7":{"start":{"line":13,"column":12},"end":{"line":13,"column":25}},"8":{"start":{"line":14,"column":12},"end":{"line":14,"column":25}},"9":{"start":{"line":16,"column":2},"end":{"line":45,"column":4}},"10":{"start":{"line":17,"column":23},"end":{"line":17,"column":48}},"11":{"start":{"line":18,"column":4},"end":{"line":44,"column":5}},"12":{"start":{"line":19,"column":6},"end":{"line":21,"column":7}},"13":{"start":{"line":20,"column":8},"end":{"line":20,"column":83}},"14":{"start":{"line":23,"column":20},"end":{"line":23,"column":44}},"15":{"start":{"line":24,"column":22},"end":{"line":24,"column":69}},"16":{"start":{"line":26,"column":19},"end":{"line":26,"column":73}},"17":{"start":{"line":27,"column":6},"end":{"line":29,"column":7}},"18":{"start":{"line":28,"column":8},"end":{"line":28,"column":86}},"19":{"start":{"line":31,"column":30},"end":{"line":31,"column":45}},"20":{"start":{"line":32,"column":32},"end":{"line":34,"column":11}},"21":{"start":{"line":36,"column":6},"end":{"line":38,"column":7}},"22":{"start":{"line":37,"column":8},"end":{"line":37,"column":96}},"23":{"start":{"line":40,"column":6},"end":{"line":40,"column":25}},"24":{"start":{"line":41,"column":6},"end":{"line":41,"column":13}},"25":{"start":{"line":43,"column":6},"end":{"line":43,"column":18}},"26":{"start":{"line":11,"column":13},"end":{"line":11,"column":37}},"27":{"start":{"line":11,"column":13},"end":{"line":46,"column":null}}},"fnMap":{"0":{"name":"(anonymous_3)","decl":{"start":{"line":12,"column":2},"end":{"line":12,"column":null}},"loc":{"start":{"line":14,"column":36},"end":{"line":15,"column":6}}},"1":{"name":"(anonymous_4)","decl":{"start":{"line":16,"column":27},"end":{"line":16,"column":32}},"loc":{"start":{"line":16,"column":89},"end":{"line":45,"column":3}}}},"branchMap":{"0":{"loc":{"start":{"line":19,"column":6},"end":{"line":21,"column":7}},"type":"if","locations":[{"start":{"line":19,"column":6},"end":{"line":21,"column":7}},{"start":{},"end":{}}]},"1":{"loc":{"start":{"line":19,"column":10},"end":{"line":19,"column":58}},"type":"binary-expr","locations":[{"start":{"line":19,"column":10},"end":{"line":19,"column":21}},{"start":{"line":19,"column":25},"end":{"line":19,"column":58}}]},"2":{"loc":{"start":{"line":27,"column":6},"end":{"line":29,"column":7}},"type":"if","locations":[{"start":{"line":27,"column":6},"end":{"line":29,"column":7}},{"start":{},"end":{}}]},"3":{"loc":{"start":{"line":32,"column":32},"end":{"line":34,"column":11}},"type":"cond-expr","locations":[{"start":{"line":33,"column":10},"end":{"line":33,"column":53}},{"start":{"line":34,"column":10},"end":{"line":34,"column":11}}]},"4":{"loc":{"start":{"line":36,"column":6},"end":{"line":38,"column":7}},"type":"if","locations":[{"start":{"line":36,"column":6},"end":{"line":38,"column":7}},{"start":{},"end":{}}]}},"s":{"0":0,"1":0,"2":0,"3":0,"4":0,"5":0,"6":0,"7":0,"8":0,"9":0,"10":0,"11":0,"12":0,"13":0,"14":0,"15":0,"16":0,"17":0,"18":0,"19":0,"20":0,"21":0,"22":0,"23":0,"24":0,"25":0,"26":0,"27":0},"f":{"0":0,"1":0},"b":{"0":[0,0],"1":[0,0],"2":[0,0],"3":[0,0],"4":[0,0]}}
,"C:\\Users\\cefalo\\Desktop\\betterboxd\\src\\middlewares\\AuthorizationHandler.ts": {"path":"C:\\Users\\cefalo\\Desktop\\betterboxd\\src\\middlewares\\AuthorizationHandler.ts","statementMap":{"0":{"start":{"line":2,"column":0},"end":{"line":2,"column":54}},"1":{"start":{"line":3,"column":0},"end":{"line":3,"column":56}},"2":{"start":{"line":5,"column":0},"end":{"line":5,"column":44}},"3":{"start":{"line":6,"column":0},"end":{"line":6,"column":42}},"4":{"start":{"line":7,"column":0},"end":{"line":7,"column":38}},"5":{"start":{"line":11,"column":7},"end":{"line":74,"column":null}},"6":{"start":{"line":12,"column":22},"end":{"line":12,"column":36}},"7":{"start":{"line":13,"column":2},"end":{"line":35,"column":4}},"8":{"start":{"line":14,"column":24},"end":{"line":14,"column":33}},"9":{"start":{"line":15,"column":25},"end":{"line":15,"column":60}},"10":{"start":{"line":16,"column":21},"end":{"line":16,"column":44}},"11":{"start":{"line":17,"column":20},"end":{"line":17,"column":55}},"12":{"start":{"line":18,"column":4},"end":{"line":18,"column":61}},"13":{"start":{"line":19,"column":21},"end":{"line":19,"column":30}},"14":{"start":{"line":20,"column":4},"end":{"line":22,"column":6}},"15":{"start":{"line":25,"column":4},"end":{"line":27,"column":5}},"16":{"start":{"line":26,"column":6},"end":{"line":26,"column":88}},"17":{"start":{"line":30,"column":4},"end":{"line":32,"column":5}},"18":{"start":{"line":31,"column":6},"end":{"line":31,"column":88}},"19":{"start":{"line":34,"column":4},"end":{"line":34,"column":11}},"20":{"start":{"line":37,"column":2},"end":{"line":62,"column":4}},"21":{"start":{"line":38,"column":24},"end":{"line":38,"column":33}},"22":{"start":{"line":39,"column":20},"end":{"line":39,"column":33}},"23":{"start":{"line":40,"column":20},"end":{"line":40,"column":63}},"24":{"start":{"line":44,"column":20},"end":{"line":44,"column":50}},"25":{"start":{"line":45,"column":21},"end":{"line":45,"column":44}},"26":{"start":{"line":47,"column":4},"end":{"line":59,"column":5}},"27":{"start":{"line":49,"column":6},"end":{"line":52,"column":7}},"28":{"start":{"line":51,"column":8},"end":{"line":51,"column":72}},"29":{"start":{"line":55,"column":6},"end":{"line":58,"column":7}},"30":{"start":{"line":57,"column":8},"end":{"line":57,"column":66}},"31":{"start":{"line":61,"column":4},"end":{"line":61,"column":11}},"32":{"start":{"line":64,"column":2},"end":{"line":73,"column":4}},"33":{"start":{"line":65,"column":24},"end":{"line":65,"column":33}},"34":{"start":{"line":67,"column":4},"end":{"line":70,"column":5}},"35":{"start":{"line":69,"column":6},"end":{"line":69,"column":75}},"36":{"start":{"line":72,"column":4},"end":{"line":72,"column":11}},"37":{"start":{"line":11,"column":13},"end":{"line":11,"column":36}},"38":{"start":{"line":11,"column":13},"end":{"line":74,"column":null}}},"fnMap":{"0":{"name":"(anonymous_2)","decl":{"start":{"line":12,"column":2},"end":{"line":12,"column":22}},"loc":{"start":{"line":12,"column":48},"end":{"line":12,"column":52}}},"1":{"name":"(anonymous_3)","decl":{"start":{"line":13,"column":28},"end":{"line":13,"column":29}},"loc":{"start":{"line":13,"column":84},"end":{"line":35,"column":3}}},"2":{"name":"(anonymous_4)","decl":{"start":{"line":37,"column":29},"end":{"line":37,"column":34}},"loc":{"start":{"line":37,"column":91},"end":{"line":62,"column":3}}},"3":{"name":"(anonymous_5)","decl":{"start":{"line":64,"column":28},"end":{"line":64,"column":29}},"loc":{"start":{"line":64,"column":84},"end":{"line":73,"column":3}}}},"branchMap":{"0":{"loc":{"start":{"line":15,"column":25},"end":{"line":15,"column":60}},"type":"binary-expr","locations":[{"start":{"line":15,"column":25},"end":{"line":15,"column":38}},{"start":{"line":15,"column":42},"end":{"line":15,"column":60}}]},"1":{"loc":{"start":{"line":25,"column":4},"end":{"line":27,"column":5}},"type":"if","locations":[{"start":{"line":25,"column":4},"end":{"line":27,"column":5}},{"start":{},"end":{}}]},"2":{"loc":{"start":{"line":25,"column":8},"end":{"line":25,"column":69}},"type":"binary-expr","locations":[{"start":{"line":25,"column":8},"end":{"line":25,"column":16}},{"start":{"line":25,"column":20},"end":{"line":25,"column":69}}]},"3":{"loc":{"start":{"line":25,"column":22},"end":{"line":25,"column":68}},"type":"binary-expr","locations":[{"start":{"line":25,"column":22},"end":{"line":25,"column":57}},{"start":{"line":25,"column":61},"end":{"line":25,"column":68}}]},"4":{"loc":{"start":{"line":30,"column":4},"end":{"line":32,"column":5}},"type":"if","locations":[{"start":{"line":30,"column":4},"end":{"line":32,"column":5}},{"start":{},"end":{}}]},"5":{"loc":{"start":{"line":30,"column":8},"end":{"line":30,"column":28}},"type":"binary-expr","locations":[{"start":{"line":30,"column":8},"end":{"line":30,"column":16}},{"start":{"line":30,"column":20},"end":{"line":30,"column":28}}]},"6":{"loc":{"start":{"line":47,"column":4},"end":{"line":59,"column":5}},"type":"if","locations":[{"start":{"line":47,"column":4},"end":{"line":59,"column":5}},{"start":{"line":53,"column":11},"end":{"line":59,"column":5}}]},"7":{"loc":{"start":{"line":49,"column":6},"end":{"line":52,"column":7}},"type":"if","locations":[{"start":{"line":49,"column":6},"end":{"line":52,"column":7}},{"start":{},"end":{}}]},"8":{"loc":{"start":{"line":49,"column":12},"end":{"line":49,"column":58}},"type":"binary-expr","locations":[{"start":{"line":49,"column":12},"end":{"line":49,"column":47}},{"start":{"line":49,"column":51},"end":{"line":49,"column":58}}]},"9":{"loc":{"start":{"line":55,"column":6},"end":{"line":58,"column":7}},"type":"if","locations":[{"start":{"line":55,"column":6},"end":{"line":58,"column":7}},{"start":{},"end":{}}]},"10":{"loc":{"start":{"line":67,"column":4},"end":{"line":70,"column":5}},"type":"if","locations":[{"start":{"line":67,"column":4},"end":{"line":70,"column":5}},{"start":{},"end":{}}]}},"s":{"0":0,"1":0,"2":0,"3":0,"4":0,"5":0,"6":0,"7":0,"8":0,"9":0,"10":0,"11":0,"12":0,"13":0,"14":0,"15":0,"16":0,"17":0,"18":0,"19":0,"20":0,"21":0,"22":0,"23":0,"24":0,"25":0,"26":0,"27":0,"28":0,"29":0,"30":0,"31":0,"32":0,"33":0,"34":0,"35":0,"36":0,"37":0,"38":0},"f":{"0":0,"1":0,"2":0,"3":0},"b":{"0":[0,0],"1":[0,0],"2":[0,0],"3":[0,0],"4":[0,0],"5":[0,0],"6":[0,0],"7":[0,0],"8":[0,0],"9":[0,0],"10":[0,0]}}
,"C:\\Users\\cefalo\\Desktop\\betterboxd\\src\\middlewares\\ErrorHandler.ts": {"path":"C:\\Users\\cefalo\\Desktop\\betterboxd\\src\\middlewares\\ErrorHandler.ts","statementMap":{"0":{"start":{"line":2,"column":0},"end":{"line":2,"column":31}},"1":{"start":{"line":3,"column":0},"end":{"line":3,"column":47}},"2":{"start":{"line":4,"column":0},"end":{"line":4,"column":46}},"3":{"start":{"line":5,"column":0},"end":{"line":5,"column":54}},"4":{"start":{"line":6,"column":0},"end":{"line":6,"column":42}},"5":{"start":{"line":14,"column":28},"end":{"line":67,"column":1}},"6":{"start":{"line":21,"column":30},"end":{"line":21,"column":34}},"7":{"start":{"line":22,"column":2},"end":{"line":22,"column":39}},"8":{"start":{"line":24,"column":2},"end":{"line":50,"column":3}},"9":{"start":{"line":25,"column":29},"end":{"line":25,"column":98}},"10":{"start":{"line":25,"column":51},"end":{"line":25,"column":86}},"11":{"start":{"line":26,"column":4},"end":{"line":29,"column":6}},"12":{"start":{"line":28,"column":28},"end":{"line":28,"column":37}},"13":{"start":{"line":30,"column":4},"end":{"line":30,"column":30}},"14":{"start":{"line":31,"column":9},"end":{"line":50,"column":3}},"15":{"start":{"line":32,"column":4},"end":{"line":32,"column":16}},"16":{"start":{"line":33,"column":9},"end":{"line":50,"column":3}},"17":{"start":{"line":34,"column":4},"end":{"line":34,"column":75}},"18":{"start":{"line":35,"column":4},"end":{"line":38,"column":6}},"19":{"start":{"line":39,"column":9},"end":{"line":50,"column":3}},"20":{"start":{"line":40,"column":4},"end":{"line":40,"column":47}},"21":{"start":{"line":41,"column":4},"end":{"line":44,"column":6}},"22":{"start":{"line":45,"column":9},"end":{"line":50,"column":3}},"23":{"start":{"line":46,"column":4},"end":{"line":46,"column":39}},"24":{"start":{"line":48,"column":4},"end":{"line":48,"column":63}},"25":{"start":{"line":49,"column":4},"end":{"line":49,"column":43}},"26":{"start":{"line":52,"column":34},"end":{"line":55,"column":4}},"27":{"start":{"line":57,"column":2},"end":{"line":59,"column":3}},"28":{"start":{"line":58,"column":4},"end":{"line":58,"column":36}},"29":{"start":{"line":61,"column":2},"end":{"line":63,"column":3}},"30":{"start":{"line":62,"column":4},"end":{"line":62,"column":47}},"31":{"start":{"line":65,"column":2},"end":{"line":65,"column":62}},"32":{"start":{"line":66,"column":2},"end":{"line":66,"column":46}},"33":{"start":{"line":14,"column":13},"end":{"line":14,"column":28}}},"fnMap":{"0":{"name":"(anonymous_0)","decl":{"start":{"line":14,"column":28},"end":{"line":14,"column":null}},"loc":{"start":{"line":19,"column":10},"end":{"line":67,"column":1}}},"1":{"name":"(anonymous_1)","decl":{"start":{"line":25,"column":44},"end":{"line":25,"column":45}},"loc":{"start":{"line":25,"column":51},"end":{"line":25,"column":86}}},"2":{"name":"(anonymous_2)","decl":{"start":{"line":28,"column":21},"end":{"line":28,"column":22}},"loc":{"start":{"line":28,"column":28},"end":{"line":28,"column":37}}}},"branchMap":{"0":{"loc":{"start":{"line":24,"column":2},"end":{"line":50,"column":3}},"type":"if","locations":[{"start":{"line":24,"column":2},"end":{"line":50,"column":3}},{"start":{"line":31,"column":9},"end":{"line":50,"column":3}}]},"1":{"loc":{"start":{"line":31,"column":9},"end":{"line":50,"column":3}},"type":"if","locations":[{"start":{"line":31,"column":9},"end":{"line":50,"column":3}},{"start":{"line":33,"column":9},"end":{"line":50,"column":3}}]},"2":{"loc":{"start":{"line":33,"column":9},"end":{"line":50,"column":3}},"type":"if","locations":[{"start":{"line":33,"column":9},"end":{"line":50,"column":3}},{"start":{"line":39,"column":9},"end":{"line":50,"column":3}}]},"3":{"loc":{"start":{"line":33,"column":13},"end":{"line":33,"column":56}},"type":"binary-expr","locations":[{"start":{"line":33,"column":13},"end":{"line":33,"column":39}},{"start":{"line":33,"column":43},"end":{"line":33,"column":56}}]},"4":{"loc":{"start":{"line":37,"column":13},"end":{"line":37,"column":42}},"type":"cond-expr","locations":[{"start":{"line":37,"column":21},"end":{"line":37,"column":30}},{"start":{"line":37,"column":33},"end":{"line":37,"column":42}}]},"5":{"loc":{"start":{"line":39,"column":9},"end":{"line":50,"column":3}},"type":"if","locations":[{"start":{"line":39,"column":9},"end":{"line":50,"column":3}},{"start":{"line":45,"column":9},"end":{"line":50,"column":3}}]},"6":{"loc":{"start":{"line":43,"column":13},"end":{"line":43,"column":42}},"type":"cond-expr","locations":[{"start":{"line":43,"column":21},"end":{"line":43,"column":30}},{"start":{"line":43,"column":33},"end":{"line":43,"column":42}}]},"7":{"loc":{"start":{"line":45,"column":9},"end":{"line":50,"column":3}},"type":"if","locations":[{"start":{"line":45,"column":9},"end":{"line":50,"column":3}},{"start":{"line":47,"column":9},"end":{"line":50,"column":3}}]},"8":{"loc":{"start":{"line":49,"column":19},"end":{"line":49,"column":42}},"type":"cond-expr","locations":[{"start":{"line":49,"column":27},"end":{"line":49,"column":30}},{"start":{"line":49,"column":33},"end":{"line":49,"column":42}}]},"9":{"loc":{"start":{"line":57,"column":2},"end":{"line":59,"column":3}},"type":"if","locations":[{"start":{"line":57,"column":2},"end":{"line":59,"column":3}},{"start":{},"end":{}}]},"10":{"loc":{"start":{"line":57,"column":6},"end":{"line":57,"column":27}},"type":"binary-expr","locations":[{"start":{"line":57,"column":6},"end":{"line":57,"column":11}},{"start":{"line":57,"column":15},"end":{"line":57,"column":27}}]},"11":{"loc":{"start":{"line":61,"column":2},"end":{"line":63,"column":3}},"type":"if","locations":[{"start":{"line":61,"column":2},"end":{"line":63,"column":3}},{"start":{},"end":{}}]},"12":{"loc":{"start":{"line":61,"column":6},"end":{"line":61,"column":40}},"type":"binary-expr","locations":[{"start":{"line":61,"column":6},"end":{"line":61,"column":30}},{"start":{"line":61,"column":34},"end":{"line":61,"column":40}}]}},"s":{"0":0,"1":0,"2":0,"3":0,"4":0,"5":0,"6":0,"7":0,"8":0,"9":0,"10":0,"11":0,"12":0,"13":0,"14":0,"15":0,"16":0,"17":0,"18":0,"19":0,"20":0,"21":0,"22":0,"23":0,"24":0,"25":0,"26":0,"27":0,"28":0,"29":0,"30":0,"31":0,"32":0,"33":0},"f":{"0":0,"1":0,"2":0},"b":{"0":[0,0],"1":[0,0],"2":[0,0],"3":[0,0],"4":[0,0],"5":[0,0],"6":[0,0],"7":[0,0],"8":[0,0],"9":[0,0],"10":[0,0],"11":[0,0],"12":[0,0]}}
,"C:\\Users\\cefalo\\Desktop\\betterboxd\\src\\middlewares\\LoggerHandler.ts": {"path":"C:\\Users\\cefalo\\Desktop\\betterboxd\\src\\middlewares\\LoggerHandler.ts","statementMap":{"0":{"start":{"line":2,"column":0},"end":{"line":2,"column":42}},"1":{"start":{"line":4,"column":29},"end":{"line":7,"column":1}},"2":{"start":{"line":5,"column":2},"end":{"line":5,"column":60}},"3":{"start":{"line":6,"column":2},"end":{"line":6,"column":9}},"4":{"start":{"line":4,"column":13},"end":{"line":4,"column":29}}},"fnMap":{"0":{"name":"(anonymous_0)","decl":{"start":{"line":4,"column":29},"end":{"line":4,"column":30}},"loc":{"start":{"line":4,"column":82},"end":{"line":7,"column":1}}}},"branchMap":{},"s":{"0":0,"1":0,"2":0,"3":0,"4":0},"f":{"0":0},"b":{}}
,"C:\\Users\\cefalo\\Desktop\\betterboxd\\src\\middlewares\\ValidationHandler.ts": {"path":"C:\\Users\\cefalo\\Desktop\\betterboxd\\src\\middlewares\\ValidationHandler.ts","statementMap":{"0":{"start":{"line":3,"column":0},"end":{"line":3,"column":42}},"1":{"start":{"line":9,"column":33},"end":{"line":23,"column":1}},"2":{"start":{"line":13,"column":2},"end":{"line":22,"column":4}},"3":{"start":{"line":14,"column":19},"end":{"line":14,"column":43}},"4":{"start":{"line":15,"column":17},"end":{"line":15,"column":28}},"5":{"start":{"line":16,"column":56},"end":{"line":16,"column":78}},"6":{"start":{"line":17,"column":4},"end":{"line":17,"column":25}},"7":{"start":{"line":18,"column":4},"end":{"line":20,"column":5}},"8":{"start":{"line":19,"column":6},"end":{"line":19,"column":32}},"9":{"start":{"line":21,"column":4},"end":{"line":21,"column":11}},"10":{"start":{"line":9,"column":13},"end":{"line":9,"column":33}}},"fnMap":{"0":{"name":"(anonymous_0)","decl":{"start":{"line":9,"column":33},"end":{"line":9,"column":null}},"loc":{"start":{"line":12,"column":4},"end":{"line":23,"column":1}}},"1":{"name":"(anonymous_1)","decl":{"start":{"line":13,"column":9},"end":{"line":13,"column":10}},"loc":{"start":{"line":13,"column":62},"end":{"line":22,"column":3}}}},"branchMap":{"0":{"loc":{"start":{"line":11,"column":2},"end":{"line":11,"column":49}},"type":"default-arg","locations":[{"start":{"line":11,"column":31},"end":{"line":11,"column":49}}]},"1":{"loc":{"start":{"line":14,"column":19},"end":{"line":14,"column":43}},"type":"binary-expr","locations":[{"start":{"line":14,"column":19},"end":{"line":14,"column":33}},{"start":{"line":14,"column":37},"end":{"line":14,"column":43}}]},"2":{"loc":{"start":{"line":18,"column":4},"end":{"line":20,"column":5}},"type":"if","locations":[{"start":{"line":18,"column":4},"end":{"line":20,"column":5}},{"start":{},"end":{}}]}},"s":{"0":0,"1":0,"2":0,"3":0,"4":0,"5":0,"6":0,"7":0,"8":0,"9":0,"10":0},"f":{"0":0,"1":0},"b":{"0":[0],"1":[0,0],"2":[0,0]}}
,"C:\\Users\\cefalo\\Desktop\\betterboxd\\src\\migration\\1764659135094-TogglePgTrgmExtension.ts": {"path":"C:\\Users\\cefalo\\Desktop\\betterboxd\\src\\migration\\1764659135094-TogglePgTrgmExtension.ts","statementMap":{"0":{"start":{"line":5,"column":4},"end":{"line":5,"column":72}},"1":{"start":{"line":7,"column":4},"end":{"line":9,"column":6}},"2":{"start":{"line":11,"column":4},"end":{"line":13,"column":6}},"3":{"start":{"line":17,"column":4},"end":{"line":17,"column":73}},"4":{"start":{"line":18,"column":4},"end":{"line":18,"column":75}},"5":{"start":{"line":3,"column":0},"end":{"line":3,"column":13}}},"fnMap":{"0":{"name":"(anonymous_0)","decl":{"start":{"line":4,"column":9},"end":{"line":4,"column":14}},"loc":{"start":{"line":4,"column":42},"end":{"line":14,"column":3}}},"1":{"name":"(anonymous_1)","decl":{"start":{"line":16,"column":9},"end":{"line":16,"column":14}},"loc":{"start":{"line":16,"column":44},"end":{"line":19,"column":3}}}},"branchMap":{},"s":{"0":0,"1":0,"2":0,"3":0,"4":0,"5":0},"f":{"0":0,"1":0},"b":{}}
,"C:\\Users\\cefalo\\Desktop\\betterboxd\\src\\repositories\\AuthRepository.ts": {"path":"C:\\Users\\cefalo\\Desktop\\betterboxd\\src\\repositories\\AuthRepository.ts","statementMap":{"0":{"start":{"line":1,"column":0},"end":{"line":1,"column":38}},"1":{"start":{"line":2,"column":0},"end":{"line":2,"column":40}},"2":{"start":{"line":3,"column":0},"end":{"line":3,"column":55}},"3":{"start":{"line":6,"column":7},"end":{"line":46,"column":null}},"4":{"start":{"line":7,"column":10},"end":{"line":7,"column":61}},"5":{"start":{"line":10,"column":4},"end":{"line":14,"column":16}},"6":{"start":{"line":18,"column":4},"end":{"line":22,"column":16}},"7":{"start":{"line":26,"column":17},"end":{"line":26,"column":53}},"8":{"start":{"line":27,"column":4},"end":{"line":27,"column":42}},"9":{"start":{"line":31,"column":4},"end":{"line":31,"column":71}},"10":{"start":{"line":32,"column":4},"end":{"line":32,"column":91}},"11":{"start":{"line":36,"column":4},"end":{"line":36,"column":82}},"12":{"start":{"line":40,"column":19},"end":{"line":43,"column":6}},"13":{"start":{"line":44,"column":4},"end":{"line":44,"column":38}},"14":{"start":{"line":6,"column":13},"end":{"line":6,"column":27}},"15":{"start":{"line":6,"column":13},"end":{"line":46,"column":null}}},"fnMap":{"0":{"name":"(anonymous_1)","decl":{"start":{"line":6,"column":7},"end":{"line":6,"column":13}},"loc":{"start":{"line":6,"column":7},"end":{"line":46,"column":1}}},"1":{"name":"(anonymous_2)","decl":{"start":{"line":9,"column":2},"end":{"line":9,"column":7}},"loc":{"start":{"line":9,"column":32},"end":{"line":15,"column":3}}},"2":{"name":"(anonymous_3)","decl":{"start":{"line":17,"column":2},"end":{"line":17,"column":7}},"loc":{"start":{"line":17,"column":34},"end":{"line":23,"column":3}}},"3":{"name":"(anonymous_4)","decl":{"start":{"line":25,"column":2},"end":{"line":25,"column":7}},"loc":{"start":{"line":25,"column":42},"end":{"line":28,"column":3}}},"4":{"name":"(anonymous_5)","decl":{"start":{"line":30,"column":2},"end":{"line":30,"column":7}},"loc":{"start":{"line":30,"column":45},"end":{"line":33,"column":3}}},"5":{"name":"(anonymous_6)","decl":{"start":{"line":35,"column":2},"end":{"line":35,"column":7}},"loc":{"start":{"line":35,"column":47},"end":{"line":37,"column":3}}},"6":{"name":"(anonymous_7)","decl":{"start":{"line":39,"column":2},"end":{"line":39,"column":7}},"loc":{"start":{"line":39,"column":61},"end":{"line":45,"column":3}}}},"branchMap":{"0":{"loc":{"start":{"line":44,"column":12},"end":{"line":44,"column":32}},"type":"binary-expr","locations":[{"start":{"line":44,"column":12},"end":{"line":44,"column":27}},{"start":{"line":44,"column":31},"end":{"line":44,"column":32}}]}},"s":{"0":0,"1":0,"2":0,"3":0,"4":0,"5":0,"6":0,"7":0,"8":0,"9":0,"10":0,"11":0,"12":0,"13":0,"14":0,"15":0},"f":{"0":0,"1":0,"2":0,"3":0,"4":0,"5":0,"6":0},"b":{"0":[0,0]}}
,"C:\\Users\\cefalo\\Desktop\\betterboxd\\src\\repositories\\CategoryRepository.ts": {"path":"C:\\Users\\cefalo\\Desktop\\betterboxd\\src\\repositories\\CategoryRepository.ts","statementMap":{"0":{"start":{"line":1,"column":0},"end":{"line":1,"column":38}},"1":{"start":{"line":2,"column":0},"end":{"line":2,"column":55}},"2":{"start":{"line":3,"column":0},"end":{"line":3,"column":48}},"3":{"start":{"line":6,"column":7},"end":{"line":25,"column":null}},"4":{"start":{"line":7,"column":10},"end":{"line":7,"column":63}},"5":{"start":{"line":10,"column":21},"end":{"line":10,"column":55}},"6":{"start":{"line":11,"column":4},"end":{"line":11,"column":44}},"7":{"start":{"line":15,"column":4},"end":{"line":15,"column":58}},"8":{"start":{"line":19,"column":4},"end":{"line":19,"column":64}},"9":{"start":{"line":23,"column":4},"end":{"line":23,"column":36}},"10":{"start":{"line":6,"column":13},"end":{"line":6,"column":31}},"11":{"start":{"line":6,"column":13},"end":{"line":25,"column":null}}},"fnMap":{"0":{"name":"(anonymous_1)","decl":{"start":{"line":6,"column":7},"end":{"line":6,"column":13}},"loc":{"start":{"line":6,"column":7},"end":{"line":25,"column":1}}},"1":{"name":"(anonymous_2)","decl":{"start":{"line":9,"column":2},"end":{"line":9,"column":7}},"loc":{"start":{"line":9,"column":35},"end":{"line":12,"column":3}}},"2":{"name":"(anonymous_3)","decl":{"start":{"line":14,"column":2},"end":{"line":14,"column":7}},"loc":{"start":{"line":14,"column":31},"end":{"line":16,"column":3}}},"3":{"name":"(anonymous_4)","decl":{"start":{"line":18,"column":2},"end":{"line":18,"column":7}},"loc":{"start":{"line":18,"column":35},"end":{"line":20,"column":3}}},"4":{"name":"(anonymous_5)","decl":{"start":{"line":22,"column":2},"end":{"line":22,"column":7}},"loc":{"start":{"line":22,"column":15},"end":{"line":24,"column":3}}}},"branchMap":{},"s":{"0":1,"1":1,"2":1,"3":1,"4":0,"5":0,"6":0,"7":0,"8":0,"9":0,"10":1,"11":1},"f":{"0":0,"1":0,"2":0,"3":0,"4":0},"b":{}}
,"C:\\Users\\cefalo\\Desktop\\betterboxd\\src\\repositories\\StoryRepository.ts": {"path":"C:\\Users\\cefalo\\Desktop\\betterboxd\\src\\repositories\\StoryRepository.ts","statementMap":{"0":{"start":{"line":2,"column":0},"end":{"line":2,"column":70}},"1":{"start":{"line":3,"column":0},"end":{"line":3,"column":55}},"2":{"start":{"line":5,"column":0},"end":{"line":5,"column":42}},"3":{"start":{"line":7,"column":0},"end":{"line":7,"column":54}},"4":{"start":{"line":10,"column":10},"end":{"line":10,"column":63}},"5":{"start":{"line":14,"column":18},"end":{"line":17,"column":68}},"6":{"start":{"line":19,"column":59},"end":{"line":19,"column":66}},"7":{"start":{"line":20,"column":33},"end":{"line":20,"column":35}},"8":{"start":{"line":21,"column":63},"end":{"line":21,"column":65}},"9":{"start":{"line":23,"column":4},"end":{"line":27,"column":5}},"10":{"start":{"line":24,"column":6},"end":{"line":24,"column":75}},"11":{"start":{"line":25,"column":6},"end":{"line":25,"column":31}},"12":{"start":{"line":26,"column":6},"end":{"line":26,"column":73}},"13":{"start":{"line":29,"column":4},"end":{"line":33,"column":5}},"14":{"start":{"line":30,"column":6},"end":{"line":30,"column":75}},"15":{"start":{"line":31,"column":6},"end":{"line":31,"column":33}},"16":{"start":{"line":32,"column":6},"end":{"line":32,"column":75}},"17":{"start":{"line":35,"column":4},"end":{"line":38,"column":5}},"18":{"start":{"line":36,"column":6},"end":{"line":36,"column":58}},"19":{"start":{"line":37,"column":6},"end":{"line":37,"column":55}},"20":{"start":{"line":40,"column":4},"end":{"line":43,"column":5}},"21":{"start":{"line":41,"column":6},"end":{"line":41,"column":59}},"22":{"start":{"line":42,"column":6},"end":{"line":42,"column":57}},"23":{"start":{"line":45,"column":4},"end":{"line":55,"column":5}},"24":{"start":{"line":46,"column":6},"end":{"line":46,"column":59}},"25":{"start":{"line":48,"column":41},"end":{"line":48,"column":43}},"26":{"start":{"line":49,"column":6},"end":{"line":49,"column":74}},"27":{"start":{"line":49,"column":17},"end":{"line":49,"column":74}},"28":{"start":{"line":50,"column":6},"end":{"line":50,"column":74}},"29":{"start":{"line":50,"column":18},"end":{"line":50,"column":74}},"30":{"start":{"line":52,"column":6},"end":{"line":54,"column":7}},"31":{"start":{"line":53,"column":8},"end":{"line":53,"column":74}},"32":{"start":{"line":57,"column":4},"end":{"line":57,"column":62}},"33":{"start":{"line":62,"column":4},"end":{"line":65,"column":7}},"34":{"start":{"line":70,"column":4},"end":{"line":70,"column":78}},"35":{"start":{"line":75,"column":21},"end":{"line":78,"column":6}},"36":{"start":{"line":79,"column":18},"end":{"line":79,"column":59}},"37":{"start":{"line":80,"column":4},"end":{"line":83,"column":25}},"38":{"start":{"line":88,"column":4},"end":{"line":88,"column":54}},"39":{"start":{"line":90,"column":25},"end":{"line":90,"column":83}},"40":{"start":{"line":91,"column":4},"end":{"line":91,"column":32}},"41":{"start":{"line":96,"column":19},"end":{"line":96,"column":65}},"42":{"start":{"line":97,"column":4},"end":{"line":97,"column":38}},"43":{"start":{"line":101,"column":18},"end":{"line":105,"column":15}},"44":{"start":{"line":107,"column":4},"end":{"line":107,"column":47}},"45":{"start":{"line":9,"column":0},"end":{"line":9,"column":13}}},"fnMap":{"0":{"name":"(anonymous_0)","decl":{"start":{"line":9,"column":0},"end":{"line":9,"column":13}},"loc":{"start":{"line":9,"column":0},"end":{"line":109,"column":1}}},"1":{"name":"(anonymous_1)","decl":{"start":{"line":13,"column":2},"end":{"line":13,"column":7}},"loc":{"start":{"line":13,"column":45},"end":{"line":58,"column":3}}},"2":{"name":"(anonymous_2)","decl":{"start":{"line":61,"column":2},"end":{"line":61,"column":7}},"loc":{"start":{"line":61,"column":36},"end":{"line":66,"column":3}}},"3":{"name":"(anonymous_3)","decl":{"start":{"line":69,"column":2},"end":{"line":69,"column":7}},"loc":{"start":{"line":69,"column":41},"end":{"line":71,"column":3}}},"4":{"name":"(anonymous_4)","decl":{"start":{"line":74,"column":2},"end":{"line":74,"column":7}},"loc":{"start":{"line":74,"column":57},"end":{"line":84,"column":3}}},"5":{"name":"(anonymous_5)","decl":{"start":{"line":87,"column":2},"end":{"line":87,"column":7}},"loc":{"start":{"line":87,"column":58},"end":{"line":92,"column":3}}},"6":{"name":"(anonymous_6)","decl":{"start":{"line":95,"column":2},"end":{"line":95,"column":7}},"loc":{"start":{"line":95,"column":39},"end":{"line":98,"column":3}}},"7":{"name":"(anonymous_7)","decl":{"start":{"line":100,"column":2},"end":{"line":100,"column":7}},"loc":{"start":{"line":100,"column":42},"end":{"line":108,"column":3}}}},"branchMap":{"0":{"loc":{"start":{"line":23,"column":4},"end":{"line":27,"column":5}},"type":"if","locations":[{"start":{"line":23,"column":4},"end":{"line":27,"column":5}},{"start":{},"end":{}}]},"1":{"loc":{"start":{"line":29,"column":4},"end":{"line":33,"column":5}},"type":"if","locations":[{"start":{"line":29,"column":4},"end":{"line":33,"column":5}},{"start":{},"end":{}}]},"2":{"loc":{"start":{"line":35,"column":4},"end":{"line":38,"column":5}},"type":"if","locations":[{"start":{"line":35,"column":4},"end":{"line":38,"column":5}},{"start":{},"end":{}}]},"3":{"loc":{"start":{"line":40,"column":4},"end":{"line":43,"column":5}},"type":"if","locations":[{"start":{"line":40,"column":4},"end":{"line":43,"column":5}},{"start":{},"end":{}}]},"4":{"loc":{"start":{"line":45,"column":4},"end":{"line":55,"column":5}},"type":"if","locations":[{"start":{"line":45,"column":4},"end":{"line":55,"column":5}},{"start":{},"end":{}}]},"5":{"loc":{"start":{"line":49,"column":6},"end":{"line":49,"column":74}},"type":"if","locations":[{"start":{"line":49,"column":6},"end":{"line":49,"column":74}},{"start":{},"end":{}}]},"6":{"loc":{"start":{"line":50,"column":6},"end":{"line":50,"column":74}},"type":"if","locations":[{"start":{"line":50,"column":6},"end":{"line":50,"column":74}},{"start":{},"end":{}}]},"7":{"loc":{"start":{"line":52,"column":6},"end":{"line":54,"column":7}},"type":"if","locations":[{"start":{"line":52,"column":6},"end":{"line":54,"column":7}},{"start":{},"end":{}}]},"8":{"loc":{"start":{"line":91,"column":11},"end":{"line":91,"column":31}},"type":"binary-expr","locations":[{"start":{"line":91,"column":11},"end":{"line":91,"column":23}},{"start":{"line":91,"column":27},"end":{"line":91,"column":31}}]},"9":{"loc":{"start":{"line":97,"column":12},"end":{"line":97,"column":32}},"type":"binary-expr","locations":[{"start":{"line":97,"column":12},"end":{"line":97,"column":27}},{"start":{"line":97,"column":31},"end":{"line":97,"column":32}}]},"10":{"loc":{"start":{"line":107,"column":11},"end":{"line":107,"column":46}},"type":"binary-expr","locations":[{"start":{"line":107,"column":11},"end":{"line":107,"column":38}},{"start":{"line":107,"column":42},"end":{"line":107,"column":46}}]}},"s":{"0":1,"1":1,"2":1,"3":1,"4":0,"5":0,"6":0,"7":0,"8":0,"9":0,"10":0,"11":0,"12":0,"13":0,"14":0,"15":0,"16":0,"17":0,"18":0,"19":0,"20":0,"21":0,"22":0,"23":0,"24":0,"25":0,"26":0,"27":0,"28":0,"29":0,"30":0,"31":0,"32":0,"33":0,"34":0,"35":0,"36":0,"37":0,"38":0,"39":0,"40":0,"41":0,"42":0,"43":0,"44":0,"45":1},"f":{"0":0,"1":0,"2":0,"3":0,"4":0,"5":0,"6":0,"7":0},"b":{"0":[0,0],"1":[0,0],"2":[0,0],"3":[0,0],"4":[0,0],"5":[0,0],"6":[0,0],"7":[0,0],"8":[0,0],"9":[0,0],"10":[0,0]}}
,"C:\\Users\\cefalo\\Desktop\\betterboxd\\src\\repositories\\UserRepository.ts": {"path":"C:\\Users\\cefalo\\Desktop\\betterboxd\\src\\repositories\\UserRepository.ts","statementMap":{"0":{"start":{"line":1,"column":0},"end":{"line":1,"column":55}},"1":{"start":{"line":2,"column":0},"end":{"line":2,"column":40}},"2":{"start":{"line":4,"column":0},"end":{"line":4,"column":54}},"3":{"start":{"line":6,"column":0},"end":{"line":6,"column":69}},"4":{"start":{"line":9,"column":10},"end":{"line":9,"column":61}},"5":{"start":{"line":13,"column":18},"end":{"line":13,"column":64}},"6":{"start":{"line":14,"column":28},"end":{"line":14,"column":39}},"7":{"start":{"line":15,"column":33},"end":{"line":15,"column":35}},"8":{"start":{"line":16,"column":56},"end":{"line":16,"column":58}},"9":{"start":{"line":18,"column":4},"end":{"line":22,"column":5}},"10":{"start":{"line":19,"column":6},"end":{"line":19,"column":71}},"11":{"start":{"line":20,"column":6},"end":{"line":20,"column":29}},"12":{"start":{"line":21,"column":6},"end":{"line":21,"column":70}},"13":{"start":{"line":24,"column":4},"end":{"line":28,"column":5}},"14":{"start":{"line":25,"column":6},"end":{"line":25,"column":74}},"15":{"start":{"line":26,"column":6},"end":{"line":26,"column":31}},"16":{"start":{"line":27,"column":6},"end":{"line":27,"column":72}},"17":{"start":{"line":30,"column":4},"end":{"line":38,"column":5}},"18":{"start":{"line":31,"column":6},"end":{"line":31,"column":58}},"19":{"start":{"line":33,"column":41},"end":{"line":33,"column":43}},"20":{"start":{"line":34,"column":6},"end":{"line":34,"column":70}},"21":{"start":{"line":34,"column":16},"end":{"line":34,"column":70}},"22":{"start":{"line":35,"column":6},"end":{"line":35,"column":73}},"23":{"start":{"line":35,"column":17},"end":{"line":35,"column":73}},"24":{"start":{"line":37,"column":6},"end":{"line":37,"column":72}},"25":{"start":{"line":40,"column":4},"end":{"line":40,"column":65}},"26":{"start":{"line":45,"column":4},"end":{"line":45,"column":62}},"27":{"start":{"line":50,"column":4},"end":{"line":50,"column":61}},"28":{"start":{"line":55,"column":4},"end":{"line":55,"column":64}},"29":{"start":{"line":60,"column":23},"end":{"line":60,"column":65}},"30":{"start":{"line":61,"column":4},"end":{"line":61,"column":42}},"31":{"start":{"line":66,"column":4},"end":{"line":66,"column":55}},"32":{"start":{"line":69,"column":4},"end":{"line":69,"column":62}},"33":{"start":{"line":74,"column":19},"end":{"line":74,"column":63}},"34":{"start":{"line":75,"column":4},"end":{"line":75,"column":38}},"35":{"start":{"line":8,"column":0},"end":{"line":8,"column":13}}},"fnMap":{"0":{"name":"(anonymous_0)","decl":{"start":{"line":8,"column":0},"end":{"line":8,"column":13}},"loc":{"start":{"line":8,"column":0},"end":{"line":77,"column":1}}},"1":{"name":"(anonymous_1)","decl":{"start":{"line":12,"column":2},"end":{"line":12,"column":7}},"loc":{"start":{"line":12,"column":46},"end":{"line":41,"column":3}}},"2":{"name":"(anonymous_2)","decl":{"start":{"line":44,"column":2},"end":{"line":44,"column":7}},"loc":{"start":{"line":44,"column":34},"end":{"line":46,"column":3}}},"3":{"name":"(anonymous_3)","decl":{"start":{"line":49,"column":2},"end":{"line":49,"column":7}},"loc":{"start":{"line":49,"column":36},"end":{"line":51,"column":3}}},"4":{"name":"(anonymous_4)","decl":{"start":{"line":54,"column":2},"end":{"line":54,"column":7}},"loc":{"start":{"line":54,"column":42},"end":{"line":56,"column":3}}},"5":{"name":"(anonymous_5)","decl":{"start":{"line":59,"column":2},"end":{"line":59,"column":7}},"loc":{"start":{"line":59,"column":42},"end":{"line":62,"column":3}}},"6":{"name":"(anonymous_6)","decl":{"start":{"line":65,"column":2},"end":{"line":65,"column":7}},"loc":{"start":{"line":65,"column":58},"end":{"line":70,"column":3}}},"7":{"name":"(anonymous_7)","decl":{"start":{"line":73,"column":2},"end":{"line":73,"column":7}},"loc":{"start":{"line":73,"column":37},"end":{"line":76,"column":3}}}},"branchMap":{"0":{"loc":{"start":{"line":18,"column":4},"end":{"line":22,"column":5}},"type":"if","locations":[{"start":{"line":18,"column":4},"end":{"line":22,"column":5}},{"start":{},"end":{}}]},"1":{"loc":{"start":{"line":24,"column":4},"end":{"line":28,"column":5}},"type":"if","locations":[{"start":{"line":24,"column":4},"end":{"line":28,"column":5}},{"start":{},"end":{}}]},"2":{"loc":{"start":{"line":30,"column":4},"end":{"line":38,"column":5}},"type":"if","locations":[{"start":{"line":30,"column":4},"end":{"line":38,"column":5}},{"start":{},"end":{}}]},"3":{"loc":{"start":{"line":34,"column":6},"end":{"line":34,"column":70}},"type":"if","locations":[{"start":{"line":34,"column":6},"end":{"line":34,"column":70}},{"start":{},"end":{}}]},"4":{"loc":{"start":{"line":35,"column":6},"end":{"line":35,"column":73}},"type":"if","locations":[{"start":{"line":35,"column":6},"end":{"line":35,"column":73}},{"start":{},"end":{}}]},"5":{"loc":{"start":{"line":75,"column":12},"end":{"line":75,"column":32}},"type":"binary-expr","locations":[{"start":{"line":75,"column":12},"end":{"line":75,"column":27}},{"start":{"line":75,"column":31},"end":{"line":75,"column":32}}]}},"s":{"0":1,"1":1,"2":1,"3":1,"4":0,"5":0,"6":0,"7":0,"8":0,"9":0,"10":0,"11":0,"12":0,"13":0,"14":0,"15":0,"16":0,"17":0,"18":0,"19":0,"20":0,"21":0,"22":0,"23":0,"24":0,"25":0,"26":0,"27":0,"28":0,"29":0,"30":0,"31":0,"32":0,"33":0,"34":0,"35":1},"f":{"0":0,"1":0,"2":0,"3":0,"4":0,"5":0,"6":0,"7":0},"b":{"0":[0,0],"1":[0,0],"2":[0,0],"3":[0,0],"4":[0,0],"5":[0,0]}}
,"C:\\Users\\cefalo\\Desktop\\betterboxd\\src\\routes\\AuthRoutes.ts": {"path":"C:\\Users\\cefalo\\Desktop\\betterboxd\\src\\routes\\AuthRoutes.ts","statementMap":{"0":{"start":{"line":1,"column":0},"end":{"line":1,"column":33}},"1":{"start":{"line":2,"column":0},"end":{"line":2,"column":74}},"2":{"start":{"line":3,"column":0},"end":{"line":3,"column":63}},"3":{"start":{"line":4,"column":0},"end":{"line":4,"column":61}},"4":{"start":{"line":5,"column":0},"end":{"line":5,"column":69}},"5":{"start":{"line":6,"column":0},"end":{"line":6,"column":37}},"6":{"start":{"line":8,"column":15},"end":{"line":8,"column":23}},"7":{"start":{"line":9,"column":23},"end":{"line":9,"column":56}},"8":{"start":{"line":12,"column":0},"end":{"line":21,"column":2}},"9":{"start":{"line":24,"column":0},"end":{"line":33,"column":2}},"10":{"start":{"line":36,"column":0},"end":{"line":44,"column":2}},"11":{"start":{"line":46,"column":0},"end":{"line":46,"column":22}}},"fnMap":{},"branchMap":{},"s":{"0":0,"1":0,"2":0,"3":0,"4":0,"5":0,"6":0,"7":0,"8":0,"9":0,"10":0,"11":0},"f":{},"b":{}}
,"C:\\Users\\cefalo\\Desktop\\betterboxd\\src\\routes\\CategoryRoutes.ts": {"path":"C:\\Users\\cefalo\\Desktop\\betterboxd\\src\\routes\\CategoryRoutes.ts","statementMap":{"0":{"start":{"line":1,"column":0},"end":{"line":1,"column":33}},"1":{"start":{"line":2,"column":0},"end":{"line":2,"column":37}},"2":{"start":{"line":3,"column":0},"end":{"line":3,"column":69}},"3":{"start":{"line":4,"column":0},"end":{"line":4,"column":null}},"4":{"start":{"line":9,"column":0},"end":{"line":9,"column":71}},"5":{"start":{"line":10,"column":0},"end":{"line":10,"column":80}},"6":{"start":{"line":12,"column":15},"end":{"line":12,"column":23}},"7":{"start":{"line":13,"column":27},"end":{"line":13,"column":64}},"8":{"start":{"line":14,"column":33},"end":{"line":14,"column":76}},"9":{"start":{"line":17,"column":0},"end":{"line":27,"column":2}},"10":{"start":{"line":30,"column":0},"end":{"line":42,"column":2}},"11":{"start":{"line":44,"column":0},"end":{"line":56,"column":2}},"12":{"start":{"line":58,"column":0},"end":{"line":58,"column":22}}},"fnMap":{},"branchMap":{},"s":{"0":0,"1":0,"2":0,"3":0,"4":0,"5":0,"6":0,"7":0,"8":0,"9":0,"10":0,"11":0,"12":0},"f":{},"b":{}}
[...]
0":{"start":{"line":38,"column":20},"end":{"line":38,"column":66}},"21":{"start":{"line":39,"column":4},"end":{"line":39,"column":37}},"22":{"start":{"line":40,"column":4},"end":{"line":40,"column":55}},"23":{"start":{"line":44,"column":4},"end":{"line":44,"column":27}},"24":{"start":{"line":45,"column":24},"end":{"line":45,"column":78}},"25":{"start":{"line":46,"column":4},"end":{"line":48,"column":5}},"26":{"start":{"line":47,"column":6},"end":{"line":47,"column":74}},"27":{"start":{"line":49,"column":4},"end":{"line":49,"column":59}},"28":{"start":{"line":53,"column":4},"end":{"line":53,"column":27}},"29":{"start":{"line":54,"column":25},"end":{"line":54,"column":73}},"30":{"start":{"line":55,"column":4},"end":{"line":57,"column":5}},"31":{"start":{"line":56,"column":6},"end":{"line":56,"column":74}},"32":{"start":{"line":61,"column":17},"end":{"line":61,"column":64}},"33":{"start":{"line":62,"column":4},"end":{"line":64,"column":5}},"34":{"start":{"line":63,"column":6},"end":{"line":63,"column":72}},"35":{"start":{"line":65,"column":4},"end":{"line":65,"column":52}},"36":{"start":{"line":68,"column":17},"end":{"line":68,"column":64}},"37":{"start":{"line":69,"column":4},"end":{"line":69,"column":18}},"38":{"start":{"line":73,"column":17},"end":{"line":73,"column":70}},"39":{"start":{"line":74,"column":4},"end":{"line":76,"column":5}},"40":{"start":{"line":75,"column":6},"end":{"line":75,"column":78}},"41":{"start":{"line":77,"column":4},"end":{"line":77,"column":52}},"42":{"start":{"line":81,"column":17},"end":{"line":81,"column":70}},"43":{"start":{"line":82,"column":4},"end":{"line":82,"column":18}},"44":{"start":{"line":86,"column":21},"end":{"line":86,"column":66}},"45":{"start":{"line":87,"column":4},"end":{"line":89,"column":5}},"46":{"start":{"line":88,"column":6},"end":{"line":88,"column":70}},"47":{"start":{"line":90,"column":4},"end":{"line":90,"column":28}},"48":{"start":{"line":91,"column":24},"end":{"line":91,"column":78}},"49":{"start":{"line":92,"column":4},"end":{"line":92,"column":40}},"50":{"start":{"line":96,"column":17},"end":{"line":96,"column":64}},"51":{"start":{"line":97,"column":4},"end":{"line":99,"column":5}},"52":{"start":{"line":98,"column":6},"end":{"line":98,"column":72}},"53":{"start":{"line":101,"column":4},"end":{"line":101,"column":38}},"54":{"start":{"line":101,"column":31},"end":{"line":101,"column":38}},"55":{"start":{"line":103,"column":4},"end":{"line":103,"column":33}},"56":{"start":{"line":104,"column":4},"end":{"line":104,"column":60}},"57":{"start":{"line":11,"column":13},"end":{"line":11,"column":24}},"58":{"start":{"line":11,"column":13},"end":{"line":106,"column":null}}},"fnMap":{"0":{"name":"(anonymous_2)","decl":{"start":{"line":12,"column":2},"end":{"line":12,"column":22}},"loc":{"start":{"line":12,"column":52},"end":{"line":12,"column":56}}},"1":{"name":"(anonymous_3)","decl":{"start":{"line":13,"column":2},"end":{"line":13,"column":7}},"loc":{"start":{"line":13,"column":46},"end":{"line":16,"column":3}}},"2":{"name":"(anonymous_4)","decl":{"start":{"line":18,"column":2},"end":{"line":18,"column":7}},"loc":{"start":{"line":18,"column":34},"end":{"line":25,"column":3}}},"3":{"name":"(anonymous_5)","decl":{"start":{"line":27,"column":2},"end":{"line":27,"column":7}},"loc":{"start":{"line":27,"column":42},"end":{"line":41,"column":3}}},"4":{"name":"(anonymous_6)","decl":{"start":{"line":43,"column":2},"end":{"line":43,"column":7}},"loc":{"start":{"line":43,"column":58},"end":{"line":50,"column":3}}},"5":{"name":"(anonymous_7)","decl":{"start":{"line":52,"column":2},"end":{"line":52,"column":7}},"loc":{"start":{"line":52,"column":37},"end":{"line":58,"column":3}}},"6":{"name":"(anonymous_8)","decl":{"start":{"line":60,"column":2},"end":{"line":60,"column":7}},"loc":{"start":{"line":60,"column":37},"end":{"line":66,"column":3}}},"7":{"name":"(anonymous_9)","decl":{"start":{"line":67,"column":2},"end":{"line":67,"column":7}},"loc":{"start":{"line":67,"column":42},"end":{"line":70,"column":3}}},"8":{"name":"(anonymous_10)","decl":{"start":{"line":72,"column":2},"end":{"line":72,"column":7}},"loc":{"start":{"line":72,"column":43},"end":{"line":78,"column":3}}},"9":{"name":"(anonymous_11)","decl":{"start":{"line":80,"column":2},"end":{"line":80,"column":7}},"loc":{"start":{"line":80,"column":48},"end":{"line":83,"column":3}}},"10":{"name":"(anonymous_12)","decl":{"start":{"line":85,"column":2},"end":{"line":85,"column":7}},"loc":{"start":{"line":85,"column":56},"end":{"line":93,"column":3}}},"11":{"name":"(anonymous_13)","decl":{"start":{"line":95,"column":2},"end":{"line":95,"column":7}},"loc":{"start":{"line":95,"column":45},"end":{"line":105,"column":3}}}},"branchMap":{"0":{"loc":{"start":{"line":21,"column":4},"end":{"line":23,"column":5}},"type":"if","locations":[{"start":{"line":21,"column":4},"end":{"line":23,"column":5}},{"start":{},"end":{}}]},"1":{"loc":{"start":{"line":29,"column":4},"end":{"line":31,"column":5}},"type":"if","locations":[{"start":{"line":29,"column":4},"end":{"line":31,"column":5}},{"start":{},"end":{}}]},"2":{"loc":{"start":{"line":34,"column":4},"end":{"line":36,"column":5}},"type":"if","locations":[{"start":{"line":34,"column":4},"end":{"line":36,"column":5}},{"start":{},"end":{}}]},"3":{"loc":{"start":{"line":46,"column":4},"end":{"line":48,"column":5}},"type":"if","locations":[{"start":{"line":46,"column":4},"end":{"line":48,"column":5}},{"start":{},"end":{}}]},"4":{"loc":{"start":{"line":55,"column":4},"end":{"line":57,"column":5}},"type":"if","locations":[{"start":{"line":55,"column":4},"end":{"line":57,"column":5}},{"start":{},"end":{}}]},"5":{"loc":{"start":{"line":62,"column":4},"end":{"line":64,"column":5}},"type":"if","locations":[{"start":{"line":62,"column":4},"end":{"line":64,"column":5}},{"start":{},"end":{}}]},"6":{"loc":{"start":{"line":74,"column":4},"end":{"line":76,"column":5}},"type":"if","locations":[{"start":{"line":74,"column":4},"end":{"line":76,"column":5}},{"start":{},"end":{}}]},"7":{"loc":{"start":{"line":87,"column":4},"end":{"line":89,"column":5}},"type":"if","locations":[{"start":{"line":87,"column":4},"end":{"line":89,"column":5}},{"start":{},"end":{}}]},"8":{"loc":{"start":{"line":97,"column":4},"end":{"line":99,"column":5}},"type":"if","locations":[{"start":{"line":97,"column":4},"end":{"line":99,"column":5}},{"start":{},"end":{}}]},"9":{"loc":{"start":{"line":101,"column":4},"end":{"line":101,"column":38}},"type":"if","locations":[{"start":{"line":101,"column":4},"end":{"line":101,"column":38}},{"start":{},"end":{}}]}},"s":{"0":1,"1":1,"2":1,"3":1,"4":1,"5":1,"6":0,"7":0,"8":0,"9":0,"10":0,"11":0,"12":0,"13":0,"14":0,"15":0,"16":0,"17":0,"18":0,"19":0,"20":0,"21":0,"22":0,"23":0,"24":0,"25":0,"26":0,"27":0,"28":0,"29":0,"30":0,"31":0,"32":0,"33":0,"34":0,"35":0,"36":0,"37":0,"38":0,"39":0,"40":0,"41":0,"42":0,"43":0,"44":0,"45":0,"46":0,"47":0,"48":0,"49":0,"50":0,"51":0,"52":0,"53":0,"54":0,"55":0,"56":0,"57":1,"58":1},"f":{"0":0,"1":0,"2":0,"3":0,"4":0,"5":0,"6":0,"7":0,"8":0,"9":0,"10":0,"11":0},"b":{"0":[0,0],"1":[0,0],"2":[0,0],"3":[0,0],"4":[0,0],"5":[0,0],"6":[0,0],"7":[0,0],"8":[0,0],"9":[0,0]}}
,"C:\\Users\\cefalo\\Desktop\\betterboxd\\src\\utils\\AISummarization.ts": {"path":"C:\\Users\\cefalo\\Desktop\\betterboxd\\src\\utils\\AISummarization.ts","statementMap":{"0":{"start":{"line":1,"column":0},"end":{"line":1,"column":28}},"1":{"start":{"line":2,"column":0},"end":{"line":2,"column":42}},"2":{"start":{"line":4,"column":15},"end":{"line":7,"column":2}},"3":{"start":{"line":9,"column":31},"end":{"line":35,"column":1}},"4":{"start":{"line":10,"column":2},"end":{"line":10,"column":30}},"5":{"start":{"line":10,"column":20},"end":{"line":10,"column":30}},"6":{"start":{"line":11,"column":2},"end":{"line":11,"column":66}},"7":{"start":{"line":13,"column":2},"end":{"line":34,"column":3}},"8":{"start":{"line":14,"column":21},"end":{"line":28,"column":6}},"9":{"start":{"line":30,"column":4},"end":{"line":30,"column":57}},"10":{"start":{"line":32,"column":4},"end":{"line":32,"column":53}},"11":{"start":{"line":33,"column":4},"end":{"line":33,"column":14}},"12":{"start":{"line":9,"column":13},"end":{"line":9,"column":31}}},"fnMap":{"0":{"name":"(anonymous_1)","decl":{"start":{"line":9,"column":31},"end":{"line":9,"column":36}},"loc":{"start":{"line":9,"column":71},"end":{"line":35,"column":1}}}},"branchMap":{"0":{"loc":{"start":{"line":10,"column":2},"end":{"line":10,"column":30}},"type":"if","locations":[{"start":{"line":10,"column":2},"end":{"line":10,"column":30}},{"start":{},"end":{}}]},"1":{"loc":{"start":{"line":30,"column":11},"end":{"line":30,"column":56}},"type":"binary-expr","locations":[{"start":{"line":30,"column":11},"end":{"line":30,"column":50}},{"start":{"line":30,"column":54},"end":{"line":30,"column":56}}]}},"s":{"0":0,"1":0,"2":0,"3":0,"4":0,"5":0,"6":0,"7":0,"8":0,"9":0,"10":0,"11":0,"12":0},"f":{"0":0},"b":{"0":[0,0],"1":[0,0]}}
,"C:\\Users\\cefalo\\Desktop\\betterboxd\\src\\utils\\AuthUtils.ts": {"path":"C:\\Users\\cefalo\\Desktop\\betterboxd\\src\\utils\\AuthUtils.ts","statementMap":{"0":{"start":{"line":1,"column":0},"end":{"line":1,"column":28}},"1":{"start":{"line":2,"column":0},"end":{"line":2,"column":31}},"2":{"start":{"line":4,"column":0},"end":{"line":4,"column":36}},"3":{"start":{"line":6,"column":0},"end":{"line":6,"column":40}},"4":{"start":{"line":7,"column":0},"end":{"line":7,"column":38}},"5":{"start":{"line":10,"column":7},"end":{"line":43,"column":null}},"6":{"start":{"line":11,"column":2},"end":{"line":13,"column":4}},"7":{"start":{"line":12,"column":4},"end":{"line":12,"column":41}},"8":{"start":{"line":15,"column":2},"end":{"line":17,"column":4}},"9":{"start":{"line":16,"column":4},"end":{"line":16,"column":85}},"10":{"start":{"line":19,"column":2},"end":{"line":28,"column":4}},"11":{"start":{"line":23,"column":4},"end":{"line":27,"column":6}},"12":{"start":{"line":30,"column":2},"end":{"line":38,"column":4}},"13":{"start":{"line":31,"column":17},"end":{"line":31,"column":27}},"14":{"start":{"line":32,"column":4},"end":{"line":32,"column":28}},"15":{"start":{"line":33,"column":4},"end":{"line":33,"column":41}},"16":{"start":{"line":34,"column":4},"end":{"line":34,"column":29}},"17":{"start":{"line":35,"column":4},"end":{"line":35,"column":51}},"18":{"start":{"line":36,"column":4},"end":{"line":36,"column":45}},"19":{"start":{"line":37,"column":4},"end":{"line":37,"column":16}},"20":{"start":{"line":40,"column":2},"end":{"line":42,"column":4}},"21":{"start":{"line":41,"column":4},"end":{"line":41,"column":72}},"22":{"start":{"line":10,"column":13},"end":{"line":10,"column":22}},"23":{"start":{"line":10,"column":13},"end":{"line":43,"column":null}}},"fnMap":{"0":{"name":"(anonymous_2)","decl":{"start":{"line":10,"column":7},"end":{"line":10,"column":13}},"loc":{"start":{"line":10,"column":7},"end":{"line":43,"column":1}}},"1":{"name":"(anonymous_3)","decl":{"start":{"line":11,"column":19},"end":{"line":11,"column":24}},"loc":{"start":{"line":11,"column":77},"end":{"line":13,"column":3}}},"2":{"name":"(anonymous_4)","decl":{"start":{"line":15,"column":18},"end":{"line":15,"column":19}},"loc":{"start":{"line":15,"column":62},"end":{"line":17,"column":3}}},"3":{"name":"(anonymous_5)","decl":{"start":{"line":19,"column":29},"end":{"line":19,"column":34}},"loc":{"start":{"line":22,"column":35},"end":{"line":28,"column":3}}},"4":{"name":"(anonymous_6)","decl":{"start":{"line":30,"column":20},"end":{"line":30,"column":21}},"loc":{"start":{"line":30,"column":85},"end":{"line":38,"column":3}}},"5":{"name":"(anonymous_7)","decl":{"start":{"line":40,"column":35},"end":{"line":40,"column":36}},"loc":{"start":{"line":40,"column":65},"end":{"line":42,"column":3}}}},"branchMap":{},"s":{"0":0,"1":0,"2":0,"3":0,"4":0,"5":0,"6":0,"7":0,"8":0,"9":0,"10":0,"11":0,"12":0,"13":0,"14":0,"15":0,"16":0,"17":0,"18":0,"19":0,"20":0,"21":0,"22":0,"23":0},"f":{"0":0,"1":0,"2":0,"3":0,"4":0,"5":0},"b":{}}
,"C:\\Users\\cefalo\\Desktop\\betterboxd\\src\\utils\\Mailer.ts": {"path":"C:\\Users\\cefalo\\Desktop\\betterboxd\\src\\utils\\Mailer.ts","statementMap":{"0":{"start":{"line":2,"column":0},"end":{"line":2,"column":36}},"1":{"start":{"line":3,"column":0},"end":{"line":3,"column":36}},"2":{"start":{"line":4,"column":0},"end":{"line":4,"column":42}},"3":{"start":{"line":6,"column":20},"end":{"line":17,"column":2}},"4":{"start":{"line":19,"column":37},"end":{"line":33,"column":1}},"5":{"start":{"line":20,"column":2},"end":{"line":32,"column":3}},"6":{"start":{"line":21,"column":16},"end":{"line":21,"column":69}},"7":{"start":{"line":22,"column":4},"end":{"line":27,"column":7}},"8":{"start":{"line":28,"column":4},"end":{"line":28,"column":16}},"9":{"start":{"line":30,"column":4},"end":{"line":30,"column":54}},"10":{"start":{"line":31,"column":4},"end":{"line":31,"column":17}},"11":{"start":{"line":19,"column":13},"end":{"line":19,"column":37}},"12":{"start":{"line":35,"column":39},"end":{"line":49,"column":1}},"13":{"start":{"line":36,"column":2},"end":{"line":48,"column":3}},"14":{"start":{"line":37,"column":16},"end":{"line":37,"column":71}},"15":{"start":{"line":38,"column":4},"end":{"line":43,"column":7}},"16":{"start":{"line":44,"column":4},"end":{"line":44,"column":16}},"17":{"start":{"line":46,"column":4},"end":{"line":46,"column":49}},"18":{"start":{"line":47,"column":4},"end":{"line":47,"column":17}},"19":{"start":{"line":35,"column":13},"end":{"line":35,"column":39}}},"fnMap":{"0":{"name":"(anonymous_1)","decl":{"start":{"line":19,"column":37},"end":{"line":19,"column":42}},"loc":{"start":{"line":19,"column":73},"end":{"line":33,"column":1}}},"1":{"name":"(anonymous_2)","decl":{"start":{"line":35,"column":39},"end":{"line":35,"column":44}},"loc":{"start":{"line":35,"column":75},"end":{"line":49,"column":1}}}},"branchMap":{},"s":{"0":0,"1":0,"2":0,"3":0,"4":0,"5":0,"6":0,"7":0,"8":0,"9":0,"10":0,"11":0,"12":0,"13":0,"14":0,"15":0,"16":0,"17":0,"18":0,"19":0},"f":{"0":0,"1":0},"b":{}}
,"C:\\Users\\cefalo\\Desktop\\betterboxd\\src\\utils\\Pagination.ts": {"path":"C:\\Users\\cefalo\\Desktop\\betterboxd\\src\\utils\\Pagination.ts","statementMap":{"0":{"start":{"line":2,"column":0},"end":{"line":2,"column":null}},"1":{"start":{"line":10,"column":31},"end":{"line":37,"column":1}},"2":{"start":{"line":16,"column":2},"end":{"line":34,"column":3}},"3":{"start":{"line":17,"column":18},"end":{"line":17,"column":48}},"4":{"start":{"line":18,"column":23},"end":{"line":18,"column":59}},"5":{"start":{"line":19,"column":4},"end":{"line":19,"column":81}},"6":{"start":{"line":20,"column":4},"end":{"line":20,"column":22}},"7":{"start":{"line":23,"column":7},"end":{"line":34,"column":3}},"8":{"start":{"line":24,"column":17},"end":{"line":24,"column":45}},"9":{"start":{"line":25,"column":25},"end":{"line":25,"column":71}},"10":{"start":{"line":26,"column":17},"end":{"line":26,"column":42}},"11":{"start":{"line":27,"column":4},"end":{"line":27,"column":40}},"12":{"start":{"line":30,"column":9},"end":{"line":34,"column":3}},"13":{"start":{"line":31,"column":18},"end":{"line":31,"column":48}},"14":{"start":{"line":32,"column":19},"end":{"line":32,"column":51}},"15":{"start":{"line":33,"column":4},"end":{"line":33,"column":35}},"16":{"start":{"line":36,"column":2},"end":{"line":36,"column":15}},"17":{"start":{"line":10,"column":13},"end":{"line":10,"column":31}}},"fnMap":{"0":{"name":"(anonymous_0)","decl":{"start":{"line":10,"column":31},"end":{"line":10,"column":null}},"loc":{"start":{"line":14,"column":27},"end":{"line":37,"column":1}}}},"branchMap":{"0":{"loc":{"start":{"line":16,"column":2},"end":{"line":34,"column":3}},"type":"if","locations":[{"start":{"line":16,"column":2},"end":{"line":34,"column":3}},{"start":{"line":23,"column":7},"end":{"line":34,"column":3}}]},"1":{"loc":{"start":{"line":17,"column":18},"end":{"line":17,"column":48}},"type":"binary-expr","locations":[{"start":{"line":17,"column":18},"end":{"line":17,"column":31}},{"start":{"line":17,"column":35},"end":{"line":17,"column":48}}]},"2":{"loc":{"start":{"line":18,"column":23},"end":{"line":18,"column":59}},"type":"binary-expr","locations":[{"start":{"line":18,"column":23},"end":{"line":18,"column":41}},{"start":{"line":18,"column":45},"end":{"line":18,"column":59}}]},"3":{"loc":{"start":{"line":23,"column":7},"end":{"line":34,"column":3}},"type":"if","locations":[{"start":{"line":23,"column":7},"end":{"line":34,"column":3}},{"start":{"line":30,"column":9},"end":{"line":34,"column":3}}]},"4":{"loc":{"start":{"line":23,"column":11},"end":{"line":23,"column":75}},"type":"binary-expr","locations":[{"start":{"line":23,"column":11},"end":{"line":23,"column":37}},{"start":{"line":23,"column":41},"end":{"line":23,"column":75}}]},"5":{"loc":{"start":{"line":24,"column":17},"end":{"line":24,"column":45}},"type":"binary-expr","locations":[{"start":{"line":24,"column":17},"end":{"line":24,"column":29}},{"start":{"line":24,"column":33},"end":{"line":24,"column":45}}]},"6":{"loc":{"start":{"line":25,"column":25},"end":{"line":25,"column":71}},"type":"binary-expr","locations":[{"start":{"line":25,"column":25},"end":{"line":25,"column":45}},{"start":{"line":25,"column":49},"end":{"line":25,"column":71}}]},"7":{"loc":{"start":{"line":30,"column":9},"end":{"line":34,"column":3}},"type":"if","locations":[{"start":{"line":30,"column":9},"end":{"line":34,"column":3}},{"start":{},"end":{}}]},"8":{"loc":{"start":{"line":30,"column":13},"end":{"line":30,"column":72}},"type":"binary-expr","locations":[{"start":{"line":30,"column":13},"end":{"line":30,"column":41}},{"start":{"line":30,"column":45},"end":{"line":30,"column":72}}]},"9":{"loc":{"start":{"line":31,"column":18},"end":{"line":31,"column":48}},"type":"binary-expr","locations":[{"start":{"line":31,"column":18},"end":{"line":31,"column":31}},{"start":{"line":31,"column":35},"end":{"line":31,"column":48}}]},"10":{"loc":{"start":{"line":32,"column":19},"end":{"line":32,"column":51}},"type":"binary-expr","locations":[{"start":{"line":32,"column":19},"end":{"line":32,"column":33}},{"start":{"line":32,"column":37},"end":{"line":32,"column":51}}]}},"s":{"0":1,"1":1,"2":0,"3":0,"4":0,"5":0,"6":0,"7":0,"8":0,"9":0,"10":0,"11":0,"12":0,"13":0,"14":0,"15":0,"16":0,"17":1},"f":{"0":0},"b":{"0":[0,0],"1":[0,0],"2":[0,0],"3":[0,0],"4":[0,0],"5":[0,0],"6":[0,0],"7":[0,0],"8":[0,0],"9":[0,0],"10":[0,0]}}
,"C:\\Users\\cefalo\\Desktop\\betterboxd\\src\\utils\\Response.ts": {"path":"C:\\Users\\cefalo\\Desktop\\betterboxd\\src\\utils\\Response.ts","statementMap":{"0":{"start":{"line":3,"column":30},"end":{"line":15,"column":1}},"1":{"start":{"line":8,"column":17},"end":{"line":8,"column":39}},"2":{"start":{"line":9,"column":18},"end":{"line":9,"column":40}},"3":{"start":{"line":10,"column":2},"end":{"line":14,"column":5}},"4":{"start":{"line":3,"column":13},"end":{"line":3,"column":30}}},"fnMap":{"0":{"name":"(anonymous_0)","decl":{"start":{"line":3,"column":30},"end":{"line":3,"column":null}},"loc":{"start":{"line":7,"column":4},"end":{"line":15,"column":1}}}},"branchMap":{"0":{"loc":{"start":{"line":5,"column":2},"end":{"line":5,"column":23}},"type":"default-arg","locations":[{"start":{"line":5,"column":19},"end":{"line":5,"column":23}}]},"1":{"loc":{"start":{"line":8,"column":17},"end":{"line":8,"column":39}},"type":"binary-expr","locations":[{"start":{"line":8,"column":17},"end":{"line":8,"column":32}},{"start":{"line":8,"column":36},"end":{"line":8,"column":39}}]},"2":{"loc":{"start":{"line":9,"column":18},"end":{"line":9,"column":40}},"type":"binary-expr","locations":[{"start":{"line":9,"column":18},"end":{"line":9,"column":34}},{"start":{"line":9,"column":38},"end":{"line":9,"column":40}}]},"3":{"loc":{"start":{"line":11,"column":13},"end":{"line":11,"column":42}},"type":"binary-expr","locations":[{"start":{"line":11,"column":13},"end":{"line":11,"column":26}},{"start":{"line":11,"column":30},"end":{"line":11,"column":42}}]}},"s":{"0":0,"1":0,"2":0,"3":0,"4":0},"f":{"0":0},"b":{"0":[0],"1":[0,0],"2":[0,0],"3":[0,0]}}
}
