TN:
SF:src\config\Env.ts
FN:27,(anonymous_1)
FNF:1
FNH:1
FNDA:8,(anonymous_1)
DA:1,8
DA:2,8
DA:3,8
DA:5,8
DA:7,8
DA:27,8
DA:36,8
DA:37,8
DA:39,8
DA:40,8
DA:41,8
LF:11
LH:11
BRF:0
BRH:0
end_of_record
TN:
SF:src\config\Logger.ts
FN:5,(anonymous_0)
FN:27,(anonymous_1)
FN:29,(anonymous_2)
FNF:3
FNH:3
FNDA:42,(anonymous_0)
FNDA:42,(anonymous_1)
FNDA:42,(anonymous_2)
DA:1,12
DA:3,12
DA:5,12
DA:6,42
DA:7,42
DA:10,12
DA:27,12
DA:28,42
DA:29,42
DA:30,42
DA:31,42
DA:32,42
DA:33,42
DA:36,42
DA:37,42
DA:39,42
DA:40,42
DA:41,42
DA:42,42
LF:19
LH:19
BRDA:7,0,0,42
BRDA:7,0,1,42
BRDA:33,1,0,0
BRDA:33,1,1,42
BRDA:37,2,0,0
BRDA:37,2,1,42
BRF:6
BRH:4
end_of_record
TN:
SF:src\constants\HTTPConstants.ts
FNF:0
FNH:0
DA:1,14
LF:1
LH:1
BRF:0
BRH:0
end_of_record
TN:
SF:src\constants\PaginationConstants.ts
FNF:0
FNH:0
DA:1,9
DA:2,9
DA:3,9
DA:4,9
DA:5,9
LF:5
LH:5
BRF:0
BRH:0
end_of_record
TN:
SF:src\constants\SearchConstants.ts
FNF:0
FNH:0
DA:1,9
DA:6,9
LF:2
LH:2
BRF:0
BRH:0
end_of_record
TN:
SF:src\constants\TimeConstants.ts
FNF:0
FNH:0
DA:1,3
LF:1
LH:1
BRF:0
BRH:0
end_of_record
TN:
SF:src\constants\UserConstants.ts
FNF:0
FNH:0
DA:1,0
LF:1
LH:0
BRF:0
BRH:0
end_of_record
TN:
SF:src\controllers\AuthController.ts
FN:11,(anonymous_2)
FN:12,(anonymous_3)
FN:24,(anonymous_4)
FN:40,(anonymous_5)
FNF:4
FNH:4
FNDA:14,(anonymous_2)
FNDA:4,(anonymous_3)
FNDA:5,(anonymous_4)
FNDA:5,(anonymous_5)
DA:3,1
DA:4,1
DA:5,1
DA:6,1
DA:10,1
DA:11,14
DA:13,4
DA:14,4
DA:15,4
DA:16,1
DA:21,3
DA:25,5
DA:26,5
DA:27,5
DA:28,1
DA:37,4
DA:41,5
DA:42,5
DA:44,5
DA:45,1
DA:54,4
LF:21
LH:21
BRF:0
BRH:0
end_of_record
TN:
SF:src\controllers\CategoryController.ts
FN:10,(anonymous_2)
FN:12,(anonymous_3)
FN:22,(anonymous_4)
FN:35,(anonymous_5)
FNF:4
FNH:4
FNDA:17,(anonymous_2)
FNDA:5,(anonymous_3)
FNDA:6,(anonymous_4)
FNDA:6,(anonymous_5)
DA:2,1
DA:3,1
DA:4,1
DA:6,1
DA:9,1
DA:10,17
DA:12,17
DA:13,5
DA:14,5
DA:15,5
DA:16,3
DA:18,2
DA:22,17
DA:23,6
DA:24,6
DA:25,6
DA:26,6
DA:27,6
DA:28,6
DA:29,3
DA:31,3
DA:35,17
DA:36,6
DA:37,6
DA:38,6
DA:39,6
DA:41,6
DA:42,3
DA:44,3
LF:29
LH:29
BRF:0
BRH:0
end_of_record
TN:
SF:src\controllers\StoryController.ts
FN:14,(anonymous_3)
FN:15,(anonymous_4)
FN:28,(anonymous_5)
FN:42,(anonymous_6)
FN:55,(anonymous_7)
FN:69,(anonymous_8)
FNF:6
FNH:6
FNDA:20,(anonymous_3)
FNDA:4,(anonymous_4)
FNDA:3,(anonymous_5)
FNDA:4,(anonymous_6)
FNDA:5,(anonymous_7)
FNDA:4,(anonymous_8)
DA:3,1
DA:5,1
DA:8,1
DA:9,1
DA:10,1
DA:13,1
DA:14,20
DA:16,4
DA:17,4
DA:18,4
DA:19,3
DA:24,1
DA:29,3
DA:30,3
DA:31,3
DA:32,2
DA:33,1
DA:38,2
DA:43,4
DA:44,4
DA:45,4
DA:46,2
DA:51,2
DA:56,5
DA:57,5
DA:58,5
DA:59,4
DA:60,4
DA:61,3
DA:66,2
DA:70,4
DA:71,4
DA:72,4
DA:73,3
DA:74,1
DA:79,3
LF:36
LH:36
BRF:0
BRH:0
end_of_record
TN:
SF:src\controllers\UserController.ts
FN:15,(anonymous_2)
FN:99,(anonymous_3)
FN:108,(anonymous_4)
FN:19,(anonymous_5)
FN:32,(anonymous_6)
FN:46,(anonymous_7)
FN:61,(anonymous_8)
FN:75,(anonymous_9)
FN:116,(anonymous_10)
FN:130,(anonymous_11)
FNF:10
FNH:10
FNDA:23,(anonymous_2)
FNDA:2,(anonymous_3)
FNDA:2,(anonymous_4)
FNDA:2,(anonymous_5)
FNDA:3,(anonymous_6)
FNDA:3,(anonymous_7)
FNDA:3,(anonymous_8)
FNDA:4,(anonymous_9)
FNDA:2,(anonymous_10)
FNDA:2,(anonymous_11)
DA:2,1
DA:4,1
DA:6,1
DA:7,1
DA:8,1
DA:10,1
DA:14,1
DA:16,23
DA:17,23
DA:20,2
DA:21,2
DA:22,2
DA:23,1
DA:28,1
DA:33,3
DA:34,3
DA:35,3
DA:36,2
DA:37,1
DA:42,2
DA:47,3
DA:48,3
DA:49,3
DA:50,2
DA:51,2
DA:52,1
DA:57,2
DA:62,3
DA:63,3
DA:64,3
DA:65,2
DA:66,1
DA:71,2
DA:76,4
DA:77,4
DA:78,4
DA:80,3
DA:81,3
DA:82,1
DA:86,1
DA:89,2
DA:90,1
DA:95,2
DA:99,23
DA:100,2
DA:101,2
DA:103,2
DA:105,1
DA:108,23
DA:109,2
DA:111,2
DA:113,1
DA:117,2
DA:118,2
DA:119,2
DA:120,2
DA:121,1
DA:126,1
DA:131,2
DA:132,2
DA:133,2
DA:134,2
DA:135,2
DA:136,1
DA:141,1
LF:65
LH:65
BRDA:81,0,0,1
BRDA:81,0,1,2
BRF:2
BRH:2
end_of_record
TN:
SF:src\docs\Swagger.ts
FNF:0
FNH:0
DA:2,0
DA:4,0
DA:81,0
DA:83,0
DA:85,0
LF:5
LH:0
BRF:0
BRH:0
end_of_record
TN:
SF:src\dtos\StoryDTOs.ts
FN:27,(anonymous_2)
FN:31,(anonymous_3)
FN:31,(anonymous_4)
FNF:3
FNH:3
FNDA:8,(anonymous_2)
FNDA:8,(anonymous_3)
FNDA:15,(anonymous_4)
DA:1,4
DA:15,4
DA:17,4
DA:19,4
DA:21,4
DA:23,4
DA:25,4
DA:27,8
DA:28,4
DA:31,15
DA:33,4
DA:35,4
LF:12
LH:12
BRDA:27,0,0,8
BRDA:27,0,1,0
BRDA:31,1,0,8
BRDA:31,1,1,0
BRF:4
BRH:2
end_of_record
TN:
SF:src\entities\Auth.ts
FN:21,(anonymous_2)
FNF:1
FNH:0
FNDA:0,(anonymous_2)
DA:1,9
DA:2,9
DA:5,9
DA:7,9
DA:10,9
DA:13,9
DA:16,9
DA:19,9
DA:21,0
DA:23,9
DA:26,9
DA:29,9
DA:32,9
DA:35,9
LF:14
LH:13
BRF:0
BRH:0
end_of_record
TN:
SF:src\entities\Category.ts
FN:13,(anonymous_2)
FN:13,(anonymous_3)
FNF:2
FNH:0
FNDA:0,(anonymous_2)
FNDA:0,(anonymous_3)
DA:2,11
DA:3,11
DA:6,11
DA:8,11
DA:11,11
DA:13,0
DA:14,11
LF:7
LH:6
BRF:0
BRH:0
end_of_record
TN:
SF:src\entities\Story.ts
FN:25,(anonymous_2)
FN:42,(anonymous_3)
FN:46,(anonymous_4)
FN:54,(anonymous_5)
FN:54,(anonymous_6)
FNF:5
FNH:0
FNDA:0,(anonymous_2)
FNDA:0,(anonymous_3)
FNDA:0,(anonymous_4)
FNDA:0,(anonymous_5)
FNDA:0,(anonymous_6)
DA:1,11
DA:11,11
DA:12,11
DA:13,11
DA:16,11
DA:19,11
DA:23,11
DA:25,0
DA:28,11
DA:32,11
DA:36,11
DA:40,11
DA:42,0
DA:44,11
DA:46,0
DA:48,11
DA:52,11
DA:54,0
DA:56,11
LF:19
LH:15
BRF:0
BRH:0
end_of_record
TN:
SF:src\entities\User.ts
FN:10,(anonymous_2)
FNF:1
FNH:1
FNDA:21,(anonymous_2)
DA:1,21
DA:8,21
DA:10,21
DA:11,21
DA:12,21
DA:16,21
DA:19,21
DA:22,21
DA:25,21
DA:28,21
DA:31,21
DA:34,21
DA:41,21
DA:44,21
DA:48,21
LF:15
LH:15
BRDA:10,0,0,21
BRDA:10,0,1,21
BRF:2
BRH:2
end_of_record
TN:
SF:src\errors\AppErrors.ts
FN:6,(anonymous_0)
FN:14,(anonymous_1)
FN:22,(anonymous_2)
FN:29,(anonymous_3)
FN:36,(anonymous_4)
FN:43,(anonymous_5)
FN:50,(anonymous_6)
FN:57,(anonymous_7)
FNF:8
FNH:7
FNDA:60,(anonymous_0)
FNDA:4,(anonymous_1)
FNDA:36,(anonymous_2)
FNDA:6,(anonymous_3)
FNDA:2,(anonymous_4)
FNDA:8,(anonymous_5)
FNDA:0,(anonymous_6)
FNDA:4,(anonymous_7)
DA:1,11
DA:3,11
DA:7,60
DA:8,60
DA:12,11
DA:15,4
DA:16,4
DA:17,4
DA:21,11
DA:23,36
DA:24,36
DA:28,11
DA:30,6
DA:31,6
DA:35,11
DA:37,2
DA:38,2
DA:42,11
DA:44,8
DA:45,8
DA:49,11
DA:51,0
DA:52,0
DA:56,11
DA:58,4
DA:59,4
LF:26
LH:24
BRF:0
BRH:0
end_of_record
TN:
SF:src\errors\ErrorFactory.ts
FN:12,(anonymous_0)
FN:16,(anonymous_1)
FN:20,(anonymous_2)
FN:24,(anonymous_3)
FN:28,(anonymous_4)
FN:32,(anonymous_5)
FN:36,(anonymous_6)
FNF:7
FNH:6
FNDA:4,(anonymous_0)
FNDA:2,(anonymous_1)
FNDA:8,(anonymous_2)
FNDA:36,(anonymous_3)
FNDA:6,(anonymous_4)
FNDA:0,(anonymous_5)
FNDA:4,(anonymous_6)
DA:1,11
DA:11,11
DA:13,4
DA:17,2
DA:21,8
DA:25,36
DA:29,6
DA:33,0
DA:37,4
LF:9
LH:8
BRF:0
BRH:0
end_of_record
TN:
SF:src\middlewares\AuthenticationHandler.ts
FN:12,(anonymous_3)
FN:16,(anonymous_4)
FNF:2
FNH:0
FNDA:0,(anonymous_3)
FNDA:0,(anonymous_4)
DA:2,0
DA:4,0
DA:5,0
DA:6,0
DA:7,0
DA:8,0
DA:11,0
DA:13,0
DA:14,0
DA:16,0
DA:17,0
DA:18,0
DA:19,0
DA:20,0
DA:23,0
DA:24,0
DA:26,0
DA:27,0
DA:28,0
DA:31,0
DA:32,0
DA:36,0
DA:37,0
DA:40,0
DA:41,0
DA:43,0
LF:26
LH:0
BRDA:19,0,0,0
BRDA:19,0,1,0
BRDA:19,1,0,0
BRDA:19,1,1,0
BRDA:27,2,0,0
BRDA:27,2,1,0
BRDA:32,3,0,0
BRDA:32,3,1,0
BRDA:36,4,0,0
BRDA:36,4,1,0
BRF:10
BRH:0
end_of_record
TN:
SF:src\middlewares\AuthorizationHandler.ts
FN:12,(anonymous_2)
FN:13,(anonymous_3)
FN:37,(anonymous_4)
FN:64,(anonymous_5)
FNF:4
FNH:0
FNDA:0,(anonymous_2)
FNDA:0,(anonymous_3)
FNDA:0,(anonymous_4)
FNDA:0,(anonymous_5)
DA:2,0
DA:3,0
DA:5,0
DA:6,0
DA:7,0
DA:11,0
DA:12,0
DA:13,0
DA:14,0
DA:15,0
DA:16,0
DA:17,0
DA:18,0
DA:19,0
DA:20,0
DA:25,0
DA:26,0
DA:30,0
DA:31,0
DA:34,0
DA:37,0
DA:38,0
DA:39,0
DA:40,0
DA:44,0
DA:45,0
DA:47,0
DA:49,0
DA:51,0
DA:55,0
DA:57,0
DA:61,0
DA:64,0
DA:65,0
DA:67,0
DA:69,0
DA:72,0
LF:37
LH:0
BRDA:15,0,0,0
BRDA:15,0,1,0
BRDA:25,1,0,0
BRDA:25,1,1,0
BRDA:25,2,0,0
BRDA:25,2,1,0
BRDA:25,3,0,0
BRDA:25,3,1,0
BRDA:30,4,0,0
BRDA:30,4,1,0
BRDA:30,5,0,0
BRDA:30,5,1,0
BRDA:47,6,0,0
BRDA:47,6,1,0
BRDA:49,7,0,0
BRDA:49,7,1,0
BRDA:49,8,0,0
BRDA:49,8,1,0
BRDA:55,9,0,0
BRDA:55,9,1,0
BRDA:67,10,0,0
BRDA:67,10,1,0
BRF:22
BRH:0
end_of_record
TN:
SF:src\middlewares\ErrorHandler.ts
FN:14,(anonymous_0)
FN:25,(anonymous_1)
FN:28,(anonymous_2)
FNF:3
FNH:0
FNDA:0,(anonymous_0)
FNDA:0,(anonymous_1)
FNDA:0,(anonymous_2)
DA:2,0
DA:3,0
DA:4,0
DA:5,0
DA:6,0
DA:14,0
DA:21,0
DA:22,0
DA:24,0
DA:25,0
DA:26,0
DA:28,0
DA:30,0
DA:31,0
DA:32,0
DA:33,0
DA:34,0
DA:35,0
DA:39,0
DA:40,0
DA:41,0
DA:45,0
DA:46,0
DA:48,0
DA:49,0
DA:52,0
DA:57,0
DA:58,0
DA:61,0
DA:62,0
DA:65,0
DA:66,0
LF:32
LH:0
BRDA:24,0,0,0
BRDA:24,0,1,0
BRDA:31,1,0,0
BRDA:31,1,1,0
BRDA:33,2,0,0
BRDA:33,2,1,0
BRDA:33,3,0,0
BRDA:33,3,1,0
BRDA:37,4,0,0
BRDA:37,4,1,0
BRDA:39,5,0,0
BRDA:39,5,1,0
BRDA:43,6,0,0
BRDA:43,6,1,0
BRDA:45,7,0,0
BRDA:45,7,1,0
BRDA:49,8,0,0
BRDA:49,8,1,0
BRDA:57,9,0,0
BRDA:57,9,1,0
BRDA:57,10,0,0
BRDA:57,10,1,0
BRDA:61,11,0,0
BRDA:61,11,1,0
BRDA:61,12,0,0
BRDA:61,12,1,0
BRF:26
BRH:0
end_of_record
TN:
SF:src\middlewares\LoggerHandler.ts
FN:4,(anonymous_0)
FNF:1
FNH:0
FNDA:0,(anonymous_0)
DA:2,0
DA:4,0
DA:5,0
DA:6,0
LF:4
LH:0
BRF:0
BRH:0
end_of_record
TN:
SF:src\middlewares\ValidationHandler.ts
FN:9,(anonymous_0)
FN:13,(anonymous_1)
FNF:2
FNH:0
FNDA:0,(anonymous_0)
FNDA:0,(anonymous_1)
DA:3,0
DA:9,0
DA:13,0
DA:14,0
DA:15,0
DA:16,0
DA:17,0
DA:18,0
DA:19,0
DA:21,0
LF:10
LH:0
BRDA:11,0,0,0
BRDA:14,1,0,0
BRDA:14,1,1,0
BRDA:18,2,0,0
BRDA:18,2,1,0
BRF:5
BRH:0
end_of_record
TN:
SF:src\migration\1764659135094-TogglePgTrgmExtension.ts
FN:4,(anonymous_0)
FN:16,(anonymous_1)
FNF:2
FNH:0
FNDA:0,(anonymous_0)
FNDA:0,(anonymous_1)
DA:3,6
DA:5,0
DA:7,0
DA:11,0
DA:17,0
DA:18,0
LF:6
LH:1
BRF:0
BRH:0
end_of_record
TN:
SF:src\repositories\AuthRepository.ts
FN:6,(anonymous_1)
FN:9,(anonymous_2)
FN:17,(anonymous_3)
FN:25,(anonymous_4)
FN:30,(anonymous_5)
FN:35,(anonymous_6)
FN:39,(anonymous_7)
FNF:7
FNH:0
FNDA:0,(anonymous_1)
FNDA:0,(anonymous_2)
FNDA:0,(anonymous_3)
FNDA:0,(anonymous_4)
FNDA:0,(anonymous_5)
FNDA:0,(anonymous_6)
FNDA:0,(anonymous_7)
DA:1,3
DA:2,3
DA:3,3
DA:6,3
DA:7,0
DA:10,0
DA:18,0
DA:26,0
DA:27,0
DA:31,0
DA:32,0
DA:36,0
DA:40,0
DA:44,0
LF:14
LH:4
BRDA:44,0,0,0
BRDA:44,0,1,0
BRF:2
BRH:0
end_of_record
TN:
SF:src\repositories\CategoryRepository.ts
FN:6,(anonymous_1)
FN:9,(anonymous_2)
FN:14,(anonymous_3)
FN:18,(anonymous_4)
FN:22,(anonymous_5)
FNF:5
FNH:0
FNDA:0,(anonymous_1)
FNDA:0,(anonymous_2)
FNDA:0,(anonymous_3)
FNDA:0,(anonymous_4)
FNDA:0,(anonymous_5)
DA:1,2
DA:2,2
DA:3,2
DA:6,2
DA:7,0
DA:10,0
DA:11,0
DA:15,0
DA:19,0
DA:23,0
LF:10
LH:4
BRF:0
BRH:0
end_of_record
TN:
SF:src\repositories\StoryRepository.ts
FN:9,(anonymous_0)
FN:13,(anonymous_1)
FN:61,(anonymous_2)
FN:69,(anonymous_3)
FN:74,(anonymous_4)
FN:87,(anonymous_5)
FN:95,(anonymous_6)
FN:100,(anonymous_7)
FNF:8
FNH:0
FNDA:0,(anonymous_0)
FNDA:0,(anonymous_1)
FNDA:0,(anonymous_2)
FNDA:0,(anonymous_3)
FNDA:0,(anonymous_4)
FNDA:0,(anonymous_5)
FNDA:0,(anonymous_6)
FNDA:0,(anonymous_7)
DA:2,4
DA:3,4
DA:5,4
DA:7,4
DA:9,4
DA:10,0
DA:14,0
DA:19,0
DA:20,0
DA:21,0
DA:23,0
DA:24,0
DA:25,0
DA:26,0
DA:29,0
DA:30,0
DA:31,0
DA:32,0
DA:35,0
DA:36,0
DA:37,0
DA:40,0
DA:41,0
DA:42,0
DA:45,0
DA:46,0
DA:48,0
DA:49,0
DA:50,0
DA:52,0
DA:53,0
DA:57,0
DA:62,0
DA:70,0
DA:75,0
DA:79,0
DA:80,0
DA:88,0
DA:90,0
DA:91,0
DA:96,0
DA:97,0
DA:101,0
DA:107,0
LF:44
LH:5
BRDA:23,0,0,0
BRDA:23,0,1,0
BRDA:29,1,0,0
BRDA:29,1,1,0
BRDA:35,2,0,0
BRDA:35,2,1,0
BRDA:40,3,0,0
BRDA:40,3,1,0
BRDA:45,4,0,0
BRDA:45,4,1,0
BRDA:49,5,0,0
BRDA:49,5,1,0
BRDA:50,6,0,0
BRDA:50,6,1,0
BRDA:52,7,0,0
BRDA:52,7,1,0
BRDA:91,8,0,0
BRDA:91,8,1,0
BRDA:97,9,0,0
BRDA:97,9,1,0
BRDA:107,10,0,0
BRDA:107,10,1,0
BRF:22
BRH:0
end_of_record
TN:
SF:src\repositories\UserRepository.ts
FN:8,(anonymous_0)
FN:12,(anonymous_1)
FN:44,(anonymous_2)
FN:49,(anonymous_3)
FN:54,(anonymous_4)
FN:59,(anonymous_5)
FN:65,(anonymous_6)
FN:73,(anonymous_7)
FNF:8
FNH:0
FNDA:0,(anonymous_0)
FNDA:0,(anonymous_1)
FNDA:0,(anonymous_2)
FNDA:0,(anonymous_3)
FNDA:0,(anonymous_4)
FNDA:0,(anonymous_5)
FNDA:0,(anonymous_6)
FNDA:0,(anonymous_7)
DA:1,8
DA:2,8
DA:4,8
DA:6,8
DA:8,8
DA:9,0
DA:13,0
DA:14,0
DA:15,0
DA:16,0
DA:18,0
DA:19,0
DA:20,0
DA:21,0
DA:24,0
DA:25,0
DA:26,0
DA:27,0
DA:30,0
DA:31,0
DA:33,0
DA:34,0
DA:35,0
DA:37,0
DA:40,0
DA:45,0
DA:50,0
DA:55,0
DA:60,0
DA:61,0
DA:66,0
DA:69,0
DA:74,0
DA:75,0
LF:34
LH:5
BRDA:18,0,0,0
BRDA:18,0,1,0
BRDA:24,1,0,0
BRDA:24,1,1,0
BRDA:30,2,0,0
BRDA:30,2,1,0
BRDA:34,3,0,0
BRDA:34,3,1,0
BRDA:35,4,0,0
BRDA:35,4,1,0
BRDA:75,5,0,0
BRDA:75,5,1,0
BRF:12
BRH:0
end_of_record
TN:
SF:src\routes\AuthRoutes.ts
FNF:0
FNH:0
DA:1,0
DA:2,0
DA:3,0
DA:4,0
DA:5,0
DA:6,0
DA:8,0
DA:9,0
DA:12,0
DA:24,0
DA:36,0
DA:46,0
LF:12
LH:0
BRF:0
BRH:0
end_of_record
TN:
SF:src\routes\CategoryRoutes.ts
FNF:0
FNH:0
DA:1,0
DA:2,0
DA:3,0
DA:4,0
DA:9,0
DA:10,0
DA:12,0
DA:13,0
DA:14,0
DA:17,0
DA:30,0
DA:44,0
DA:58,0
LF:13
LH:0
BRF:0
BRH:0
end_of_record
TN:
SF:src\routes\StoryRoutes.ts
FNF:0
FNH:0
DA:1,0
DA:2,0
DA:3,0
DA:4,0
DA:5,0
DA:6,0
DA:7,0
DA:8,0
DA:9,0
DA:10,0
DA:12,0
DA:13,0
DA:14,0
DA:15,0
DA:17,0
DA:34,0
DA:48,0
DA:61,0
DA:78,0
DA:93,0
LF:20
LH:0
BRF:0
BRH:0
end_of_record
TN:
SF:src\routes\UserRoutes.ts
FNF:0
FNH:0
DA:1,0
DA:3,0
DA:5,0
DA:6,0
DA:7,0
DA:13,0
DA:14,0
DA:15,0
DA:16,0
DA:17,0
DA:19,0
DA:21,0
DA:22,0
DA:23,0
DA:26,0
DA:38,0
DA:54,0
DA:71,0
DA:85,0
DA:102,0
DA:118,0
DA:134,0
DA:147,0
DA:158,0
LF:24
LH:0
BRF:0
BRH:0
end_of_record
TN:
SF:src\schemas\CategorySchema.ts
FN:5,(anonymous_0)
FN:18,(anonymous_1)
FNF:2
FNH:0
FNDA:0,(anonymous_0)
FNDA:0,(anonymous_1)
DA:1,0
DA:3,0
DA:6,0
DA:7,0
DA:16,0
DA:19,0
DA:20,0
DA:29,0
LF:8
LH:0
BRDA:6,0,0,0
BRDA:6,0,1,0
BRDA:19,1,0,0
BRDA:19,1,1,0
BRF:4
BRH:0
end_of_record
TN:
SF:src\schemas\PaginationSchema.ts
FN:4,(anonymous_0)
FN:10,(anonymous_1)
FN:28,(anonymous_2)
FN:28,(anonymous_3)
FN:28,(anonymous_4)
FNF:5
FNH:0
FNDA:0,(anonymous_0)
FNDA:0,(anonymous_1)
FNDA:0,(anonymous_2)
FNDA:0,(anonymous_3)
FNDA:0,(anonymous_4)
DA:1,0
DA:4,0
DA:5,0
DA:6,0
DA:7,0
DA:9,0
DA:10,0
DA:14,0
DA:27,0
DA:28,0
DA:31,0
DA:35,0
DA:39,0
DA:62,0
LF:14
LH:0
BRDA:5,0,0,0
BRDA:5,0,1,0
BRDA:5,1,0,0
BRDA:5,1,1,0
BRDA:10,2,0,0
BRDA:10,2,1,0
BRDA:28,3,0,0
BRDA:28,3,1,0
BRF:8
BRH:0
end_of_record
TN:
SF:src\schemas\SearchSchema.ts
FN:8,(anonymous_0)
FN:11,(anonymous_1)
FN:20,(anonymous_2)
FN:23,(anonymous_3)
FN:24,(anonymous_4)
FN:27,(anonymous_5)
FNF:6
FNH:0
FNDA:0,(anonymous_0)
FNDA:0,(anonymous_1)
FNDA:0,(anonymous_2)
FNDA:0,(anonymous_3)
FNDA:0,(anonymous_4)
FNDA:0,(anonymous_5)
DA:1,0
DA:4,0
DA:8,0
DA:11,0
DA:16,0
DA:20,0
DA:23,0
DA:24,0
DA:27,0
LF:9
LH:0
BRDA:8,0,0,0
BRDA:8,0,1,0
BRDA:11,1,0,0
BRDA:11,1,1,0
BRDA:20,2,0,0
BRDA:20,2,1,0
BRDA:23,3,0,0
BRDA:23,3,1,0
BRDA:24,4,0,0
BRDA:24,4,1,0
BRDA:27,5,0,0
BRDA:27,5,1,0
BRF:12
BRH:0
end_of_record
TN:
SF:src\schemas\StorySchema.ts
FN:28,(anonymous_0)
FNF:1
FNH:0
FNDA:0,(anonymous_0)
DA:1,0
DA:3,0
DA:16,0
DA:28,0
LF:4
LH:0
BRF:0
BRH:0
end_of_record
TN:
SF:src\schemas\UserSchema.ts
FN:49,(anonymous_0)
FNF:1
FNH:0
FNDA:0,(anonymous_0)
DA:1,0
DA:2,0
DA:4,0
DA:29,0
DA:49,0
DA:54,0
DA:79,0
DA:91,0
DA:95,0
DA:100,0
LF:10
LH:0
BRF:0
BRH:0
end_of_record
TN:
SF:src\seed\CategorySeed.ts
FN:19,(anonymous_0)
FNF:1
FNH:0
FNDA:0,(anonymous_0)
DA:1,0
DA:2,0
DA:3,0
DA:4,0
DA:5,0
DA:7,0
DA:19,0
DA:20,0
DA:21,0
DA:22,0
DA:23,0
DA:24,0
DA:25,0
DA:26,0
DA:28,0
DA:32,0
LF:16
LH:0
BRF:0
BRH:0
end_of_record
TN:
SF:src\services\AuthService.ts
FN:22,(anonymous_3)
FN:29,(anonymous_4)
FN:38,(anonymous_5)
FN:43,(anonymous_6)
FN:74,(anonymous_7)
FN:98,(anonymous_8)
FN:102,(anonymous_9)
FN:110,(anonymous_10)
FN:118,(anonymous_11)
FN:133,(anonymous_12)
FN:169,(anonymous_13)
FNF:11
FNH:11
FNDA:26,(anonymous_3)
FNDA:2,(anonymous_4)
FNDA:1,(anonymous_5)
FNDA:4,(anonymous_6)
FNDA:4,(anonymous_7)
FNDA:6,(anonymous_8)
FNDA:5,(anonymous_9)
FNDA:2,(anonymous_10)
FNDA:1,(anonymous_11)
FNDA:6,(anonymous_12)
FNDA:3,(anonymous_13)
DA:1,3
DA:2,3
DA:3,3
DA:5,3
DA:6,3
DA:9,3
DA:10,3
DA:11,3
DA:12,3
DA:13,3
DA:14,3
DA:15,3
DA:16,3
DA:17,3
DA:18,3
DA:21,3
DA:23,26
DA:24,26
DA:25,26
DA:30,2
DA:31,2
DA:32,1
DA:34,1
DA:39,1
DA:40,1
DA:48,4
DA:49,4
DA:51,3
DA:52,3
DA:55,2
DA:56,2
DA:57,2
DA:60,2
DA:61,2
DA:62,1
DA:66,1
DA:72,1
DA:75,4
DA:76,4
DA:77,1
DA:80,3
DA:81,1
DA:84,2
DA:85,1
DA:88,1
DA:99,6
DA:103,5
DA:104,5
DA:105,2
DA:107,3
DA:111,2
DA:112,2
DA:113,2
DA:114,2
DA:115,1
DA:118,1
DA:119,1
DA:121,1
DA:122,1
DA:125,1
DA:127,1
DA:130,1
DA:134,6
DA:136,6
DA:137,1
DA:140,5
DA:145,5
DA:146,1
DA:149,4
DA:150,4
DA:151,1
DA:154,3
DA:155,1
DA:157,2
DA:160,2
DA:165,2
DA:167,2
DA:170,3
DA:172,3
DA:173,2
DA:174,1
DA:176,1
DA:177,1
LF:83
LH:83
BRDA:31,0,0,1
BRDA:31,0,1,1
BRDA:49,1,0,1
BRDA:49,1,1,3
BRDA:52,2,0,1
BRDA:52,2,1,2
BRDA:61,3,0,1
BRDA:61,3,1,1
BRDA:76,4,0,1
BRDA:76,4,1,3
BRDA:80,5,0,1
BRDA:80,5,1,2
BRDA:80,6,0,3
BRDA:80,6,1,3
BRDA:84,7,0,1
BRDA:84,7,1,1
BRDA:104,8,0,2
BRDA:104,8,1,3
BRDA:114,9,0,1
BRDA:114,9,1,1
BRDA:136,10,0,1
BRDA:136,10,1,5
BRDA:145,11,0,1
BRDA:145,11,1,4
BRDA:150,12,0,1
BRDA:150,12,1,3
BRDA:154,13,0,1
BRDA:154,13,1,2
BRDA:157,14,0,1
BRDA:157,14,1,1
BRDA:173,15,0,1
BRDA:173,15,1,1
BRF:32
BRH:32
end_of_record
TN:
SF:src\services\CategoryService.ts
FN:11,(anonymous_2)
FN:16,(anonymous_3)
FN:27,(anonymous_4)
FN:32,(anonymous_5)
FN:34,(anonymous_6)
FN:38,(anonymous_7)
FN:45,(anonymous_8)
FN:50,(anonymous_9)
FN:53,(anonymous_10)
FNF:9
FNH:9
FNDA:20,(anonymous_2)
FNDA:11,(anonymous_3)
FNDA:4,(anonymous_4)
FNDA:5,(anonymous_5)
FNDA:5,(anonymous_6)
FNDA:1,(anonymous_7)
FNDA:5,(anonymous_8)
FNDA:5,(anonymous_9)
FNDA:3,(anonymous_10)
DA:1,2
DA:2,2
DA:4,2
DA:5,2
DA:6,2
DA:7,2
DA:10,2
DA:12,20
DA:13,20
DA:17,11
DA:18,9
DA:19,9
DA:20,12
DA:21,12
DA:22,12
DA:24,9
DA:28,4
DA:29,3
DA:33,5
DA:34,5
DA:35,5
DA:36,5
DA:38,4
DA:39,3
DA:40,3
DA:50,5
DA:51,5
DA:52,4
DA:53,3
DA:54,4
LF:30
LH:30
BRDA:17,0,0,2
BRDA:17,0,1,9
BRDA:17,1,0,11
BRDA:17,1,1,10
BRDA:21,2,0,6
BRDA:21,2,1,6
BRDA:29,3,0,3
BRDA:29,3,1,1
BRDA:38,4,0,3
BRDA:38,4,1,1
BRDA:39,5,0,3
BRDA:39,5,1,1
BRDA:53,6,0,4
BRDA:53,6,1,1
BRF:14
BRH:14
end_of_record
TN:
SF:src\services\StoryService.ts
FN:17,(anonymous_2)
FN:23,(anonymous_3)
FN:29,(anonymous_4)
FN:39,(anonymous_5)
FN:43,(anonymous_6)
FN:59,(anonymous_7)
FN:63,(anonymous_8)
FN:79,(anonymous_9)
FN:92,(anonymous_10)
FN:101,(anonymous_11)
FNF:10
FNH:10
FNDA:20,(anonymous_2)
FNDA:2,(anonymous_3)
FNDA:3,(anonymous_4)
FNDA:3,(anonymous_5)
FNDA:2,(anonymous_6)
FNDA:4,(anonymous_7)
FNDA:3,(anonymous_8)
FNDA:4,(anonymous_9)
FNDA:2,(anonymous_10)
FNDA:2,(anonymous_11)
DA:2,4
DA:3,4
DA:4,4
DA:5,4
DA:6,4
DA:7,4
DA:9,4
DA:10,4
DA:11,4
DA:12,4
DA:14,4
DA:16,4
DA:18,20
DA:19,20
DA:24,2
DA:25,2
DA:30,3
DA:31,2
DA:32,2
DA:33,1
DA:35,1
DA:40,3
DA:41,3
DA:43,2
DA:44,2
DA:46,2
DA:52,2
DA:55,2
DA:60,4
DA:61,4
DA:63,3
DA:64,3
DA:65,3
DA:66,1
DA:69,3
DA:70,3
DA:71,3
DA:73,3
DA:76,3
DA:80,4
DA:81,3
DA:82,3
DA:83,1
DA:86,2
DA:87,2
DA:88,1
DA:93,2
DA:94,2
DA:95,2
DA:96,1
DA:98,1
DA:102,2
DA:103,2
DA:104,1
DA:106,1
LF:55
LH:55
BRDA:32,0,0,1
BRDA:32,0,1,1
BRDA:41,1,0,1
BRDA:41,1,1,2
BRDA:61,2,0,1
BRDA:61,2,1,3
BRDA:65,3,0,1
BRDA:65,3,1,2
BRDA:65,4,0,3
BRDA:65,4,1,2
BRDA:69,5,0,3
BRDA:69,5,1,1
BRDA:70,6,0,3
BRDA:70,6,1,1
BRDA:82,7,0,1
BRDA:82,7,1,2
BRDA:87,8,0,1
BRDA:87,8,1,1
BRDA:95,9,0,1
BRDA:95,9,1,1
BRDA:103,10,0,1
BRDA:103,10,1,1
BRF:22
BRH:22
end_of_record
TN:
SF:src\services\UserService.ts
FN:12,(anonymous_2)
FN:13,(anonymous_3)
FN:18,(anonymous_4)
FN:27,(anonymous_5)
FN:43,(anonymous_6)
FN:52,(anonymous_7)
FN:60,(anonymous_8)
FN:67,(anonymous_9)
FN:72,(anonymous_10)
FN:80,(anonymous_11)
FN:85,(anonymous_12)
FN:95,(anonymous_13)
FNF:12
FNH:12
FNDA:23,(anonymous_2)
FNDA:1,(anonymous_3)
FNDA:2,(anonymous_4)
FNDA:3,(anonymous_5)
FNDA:2,(anonymous_6)
FNDA:2,(anonymous_7)
FNDA:2,(anonymous_8)
FNDA:2,(anonymous_9)
FNDA:2,(anonymous_10)
FNDA:2,(anonymous_11)
FNDA:2,(anonymous_12)
FNDA:3,(anonymous_13)
DA:1,8
DA:3,8
DA:4,8
DA:6,8
DA:8,8
DA:11,8
DA:12,23
DA:14,1
DA:15,1
DA:19,2
DA:20,2
DA:21,2
DA:22,1
DA:24,1
DA:28,3
DA:29,3
DA:30,1
DA:33,2
DA:34,2
DA:35,1
DA:38,1
DA:39,1
DA:40,1
DA:44,2
DA:45,2
DA:46,2
DA:47,1
DA:49,1
DA:53,2
DA:54,2
DA:55,2
DA:56,1
DA:61,2
DA:62,2
DA:63,1
DA:65,1
DA:68,2
DA:69,2
DA:73,2
DA:74,2
DA:75,1
DA:77,1
DA:81,2
DA:82,2
DA:86,2
DA:87,2
DA:88,1
DA:90,1
DA:91,1
DA:92,1
DA:96,3
DA:97,3
DA:98,1
DA:101,2
DA:103,1
DA:104,1
LF:56
LH:56
BRDA:21,0,0,1
BRDA:21,0,1,1
BRDA:29,1,0,1
BRDA:29,1,1,2
BRDA:34,2,0,1
BRDA:34,2,1,1
BRDA:46,3,0,1
BRDA:46,3,1,1
BRDA:55,4,0,1
BRDA:55,4,1,1
BRDA:62,5,0,1
BRDA:62,5,1,1
BRDA:74,6,0,1
BRDA:74,6,1,1
BRDA:87,7,0,1
BRDA:87,7,1,1
BRDA:97,8,0,1
BRDA:97,8,1,2
BRDA:101,9,0,1
BRDA:101,9,1,1
BRF:20
BRH:20
end_of_record
TN:
SF:src\utils\AISummarization.ts
FN:9,(anonymous_1)
FNF:1
FNH:0
FNDA:0,(anonymous_1)
DA:1,0
DA:2,0
DA:4,0
DA:9,0
DA:10,0
DA:11,0
DA:13,0
DA:14,0
DA:30,0
DA:32,0
DA:33,0
LF:11
LH:0
BRDA:10,0,0,0
BRDA:10,0,1,0
BRDA:30,1,0,0
BRDA:30,1,1,0
BRF:4
BRH:0
end_of_record
TN:
SF:src\utils\AuthUtils.ts
FN:10,(anonymous_2)
FN:11,(anonymous_3)
FN:15,(anonymous_4)
FN:19,(anonymous_5)
FN:30,(anonymous_6)
FN:40,(anonymous_7)
FNF:6
FNH:0
FNDA:0,(anonymous_2)
FNDA:0,(anonymous_3)
FNDA:0,(anonymous_4)
FNDA:0,(anonymous_5)
FNDA:0,(anonymous_6)
FNDA:0,(anonymous_7)
DA:1,3
DA:2,3
DA:4,3
DA:6,3
DA:7,3
DA:10,3
DA:11,0
DA:12,0
DA:15,0
DA:16,0
DA:19,0
DA:23,0
DA:30,0
DA:31,0
DA:32,0
DA:33,0
DA:34,0
DA:35,0
DA:36,0
DA:37,0
DA:40,0
DA:41,0
LF:22
LH:6
BRF:0
BRH:0
end_of_record
TN:
SF:src\utils\Mailer.ts
FN:19,(anonymous_1)
FN:35,(anonymous_2)
FNF:2
FNH:0
FNDA:0,(anonymous_1)
FNDA:0,(anonymous_2)
DA:2,2
DA:3,2
DA:4,2
DA:6,2
DA:19,2
DA:20,0
DA:21,0
DA:22,0
DA:28,0
DA:30,0
DA:31,0
DA:35,2
DA:36,0
DA:37,0
DA:38,0
DA:44,0
DA:46,0
DA:47,0
LF:18
LH:6
BRF:0
BRH:0
end_of_record
TN:
SF:src\utils\Pagination.ts
FN:10,(anonymous_0)
FNF:1
FNH:0
FNDA:0,(anonymous_0)
DA:2,9
DA:10,9
DA:16,0
DA:17,0
DA:18,0
DA:19,0
DA:20,0
DA:23,0
DA:24,0
DA:25,0
DA:26,0
DA:27,0
DA:30,0
DA:31,0
DA:32,0
DA:33,0
DA:36,0
LF:17
LH:2
BRDA:16,0,0,0
BRDA:16,0,1,0
BRDA:17,1,0,0
BRDA:17,1,1,0
BRDA:18,2,0,0
BRDA:18,2,1,0
BRDA:23,3,0,0
BRDA:23,3,1,0
BRDA:23,4,0,0
BRDA:23,4,1,0
BRDA:24,5,0,0
BRDA:24,5,1,0
BRDA:25,6,0,0
BRDA:25,6,1,0
BRDA:30,7,0,0
BRDA:30,7,1,0
BRDA:30,8,0,0
BRDA:30,8,1,0
BRDA:31,9,0,0
BRDA:31,9,1,0
BRDA:32,10,0,0
BRDA:32,10,1,0
BRF:22
BRH:0
end_of_record
TN:
SF:src\utils\Response.ts
FN:3,(anonymous_0)
FNF:1
FNH:0
FNDA:0,(anonymous_0)
DA:3,4
DA:8,0
DA:9,0
DA:10,0
LF:4
LH:1
BRDA:5,0,0,0
BRDA:8,1,0,0
BRDA:8,1,1,0
BRDA:9,2,0,0
BRDA:9,2,1,0
BRDA:11,3,0,0
BRDA:11,3,1,0
BRF:7
BRH:0
end_of_record
